0 info it worked if it ends with ok
1 verbose cli [ '/home/vuong/.nvm/versions/node/v6.12.2/bin/node',
1 verbose cli   '/home/vuong/.nvm/versions/node/v6.12.2/bin/npm',
1 verbose cli   'install' ]
2 info using npm@3.10.10
3 info using node@v6.12.2
4 silly loadCurrentTree Starting
5 silly install loadCurrentTree
6 silly install readLocalPackageData
7 silly install normalizeTree
8 silly loadCurrentTree Finishing
9 silly loadIdealTree Starting
10 silly install loadIdealTree
11 silly cloneCurrentTree Starting
12 silly install cloneCurrentTreeToIdealTree
13 silly cloneCurrentTree Finishing
14 silly loadShrinkwrap Starting
15 silly install loadShrinkwrap
16 silly loadShrinkwrap Finishing
17 silly loadAllDepsIntoIdealTree Starting
18 silly install loadAllDepsIntoIdealTree
19 silly fetchNamedPackageData fsevents
20 silly mapToRegistry name fsevents
21 silly mapToRegistry using default registry
22 silly mapToRegistry registry https://registry.npmjs.org/
23 silly mapToRegistry data Result {
23 silly mapToRegistry   raw: 'fsevents',
23 silly mapToRegistry   scope: null,
23 silly mapToRegistry   escapedName: 'fsevents',
23 silly mapToRegistry   name: 'fsevents',
23 silly mapToRegistry   rawSpec: '',
23 silly mapToRegistry   spec: 'latest',
23 silly mapToRegistry   type: 'tag' }
24 silly mapToRegistry uri https://registry.npmjs.org/fsevents
25 verbose request uri https://registry.npmjs.org/fsevents
26 verbose request no auth needed
27 info attempt registry request try #1 at 10:12:36 AM
28 verbose request id e1020871cfa6a479
29 verbose etag "5a1e8efd-e513"
30 verbose lastModified Wed, 29 Nov 2017 10:42:05 GMT
31 http request GET https://registry.npmjs.org/fsevents
32 http 200 https://registry.npmjs.org/fsevents
33 verbose headers { 'content-type': 'application/json; charset=UTF-8',
33 verbose headers   server: 'UploadServer',
33 verbose headers   'cache-control': 'max-age=300',
33 verbose headers   'last-modified': 'Sun, 11 Feb 2018 2:13:50 GMT',
33 verbose headers   etag: '"5a7fa6de-e526"',
33 verbose headers   'x-npm-region': 'Asia',
33 verbose headers   'content-encoding': 'gzip',
33 verbose headers   'content-length': '7304',
33 verbose headers   'accept-ranges': 'bytes',
33 verbose headers   date: 'Wed, 07 Mar 2018 03:12:36 GMT',
33 verbose headers   via: '1.1 varnish',
33 verbose headers   age: '4615',
33 verbose headers   connection: 'keep-alive',
33 verbose headers   'x-served-by': 'cache-hkg17924-HKG',
33 verbose headers   'x-cache': 'HIT',
33 verbose headers   'x-cache-hits': '97',
33 verbose headers   'x-timer': 'S1520392356.271177,VS0,VE0',
33 verbose headers   vary: 'Accept-Encoding, Accept' }
34 silly get cb [ 200,
34 silly get   { 'content-type': 'application/json; charset=UTF-8',
34 silly get     server: 'UploadServer',
34 silly get     'cache-control': 'max-age=300',
34 silly get     'last-modified': 'Sun, 11 Feb 2018 2:13:50 GMT',
34 silly get     etag: '"5a7fa6de-e526"',
34 silly get     'x-npm-region': 'Asia',
34 silly get     'content-encoding': 'gzip',
34 silly get     'content-length': '7304',
34 silly get     'accept-ranges': 'bytes',
34 silly get     date: 'Wed, 07 Mar 2018 03:12:36 GMT',
34 silly get     via: '1.1 varnish',
34 silly get     age: '4615',
34 silly get     connection: 'keep-alive',
34 silly get     'x-served-by': 'cache-hkg17924-HKG',
34 silly get     'x-cache': 'HIT',
34 silly get     'x-cache-hits': '97',
34 silly get     'x-timer': 'S1520392356.271177,VS0,VE0',
34 silly get     vary: 'Accept-Encoding, Accept' } ]
35 verbose get saving fsevents to /home/vuong/.npm/registry.npmjs.org/fsevents/.cache.json
36 verbose correctMkdir /home/vuong/.npm correctMkdir not in flight; initializing
37 silly resolveWithNewModule fsevents@1.1.3 checking installable status
38 silly loadAllDepsIntoIdealTree Finishing
39 silly loadIdealTree Finishing
40 silly currentTree blur_admin@1.3.1
40 silly currentTree ├── @types/jasmine@2.8.6
40 silly currentTree ├── @types/node@6.0.101
40 silly currentTree ├── @types/q@0.0.32
40 silly currentTree ├── @types/selenium-webdriver@2.53.37
40 silly currentTree ├── abbrev@1.1.1
40 silly currentTree ├── accepts@1.3.5
40 silly currentTree ├── acorn@2.6.4
40 silly currentTree ├── adm-zip@0.4.7
40 silly currentTree ├── after@0.8.1
40 silly currentTree ├─┬ agent-base@2.1.1
40 silly currentTree │ └── semver@5.0.3
40 silly currentTree ├── ajv@4.11.8
40 silly currentTree ├── align-text@0.1.4
40 silly currentTree ├── alter@0.2.0
40 silly currentTree ├── amdefine@1.0.1
40 silly currentTree ├── ansi-cyan@0.1.1
40 silly currentTree ├── ansi-escapes@1.4.0
40 silly currentTree ├── ansi-gray@0.1.1
40 silly currentTree ├── ansi-red@0.1.1
40 silly currentTree ├── ansi-regex@2.1.1
40 silly currentTree ├── ansi-styles@2.2.1
40 silly currentTree ├── ansi-wrap@0.1.0
40 silly currentTree ├── any-promise@1.3.0
40 silly currentTree ├── anymatch@1.3.2
40 silly currentTree ├── aproba@1.2.0
40 silly currentTree ├── archy@1.0.0
40 silly currentTree ├── are-we-there-yet@1.1.4
40 silly currentTree ├── argh@0.1.4
40 silly currentTree ├── argparse@1.0.10
40 silly currentTree ├── arr-diff@2.0.0
40 silly currentTree ├── arr-flatten@1.1.0
40 silly currentTree ├── arr-union@3.1.0
40 silly currentTree ├── array-differ@1.0.0
40 silly currentTree ├── array-each@1.0.1
40 silly currentTree ├── array-find-index@1.0.2
40 silly currentTree ├── array-slice@1.1.0
40 silly currentTree ├── array-union@1.0.2
40 silly currentTree ├── array-uniq@1.0.3
40 silly currentTree ├── array-unique@0.2.1
40 silly currentTree ├── arraybuffer.slice@0.0.6
40 silly currentTree ├── arrify@1.0.1
40 silly currentTree ├── asn1@0.2.3
40 silly currentTree ├── assert-plus@0.2.0
40 silly currentTree ├── assign-symbols@1.0.0
40 silly currentTree ├── async-each-series@0.1.1
40 silly currentTree ├── async-each@1.0.1
40 silly currentTree ├── async-foreach@0.1.3
40 silly currentTree ├── async@1.5.2
40 silly currentTree ├── asynckit@0.4.0
40 silly currentTree ├── atob@2.0.3
40 silly currentTree ├── autoprefixer@6.7.7
40 silly currentTree ├── aws-sign2@0.6.0
40 silly currentTree ├── aws4@1.6.0
40 silly currentTree ├── backo2@1.0.2
40 silly currentTree ├── balanced-match@1.0.0
40 silly currentTree ├─┬ base@0.11.2
40 silly currentTree │ ├── component-emitter@1.2.1
40 silly currentTree │ ├── define-property@1.0.0
40 silly currentTree │ └── isobject@3.0.1
40 silly currentTree ├── base64-arraybuffer@0.1.5
40 silly currentTree ├── base64id@0.1.0
40 silly currentTree ├── batch@0.5.3
40 silly currentTree ├── bcrypt-pbkdf@1.0.1
40 silly currentTree ├── beeper@1.1.1
40 silly currentTree ├── better-assert@1.0.2
40 silly currentTree ├── binary-extensions@1.11.0
40 silly currentTree ├── binaryextensions@1.0.1
40 silly currentTree ├── blob@0.0.4
40 silly currentTree ├── block-stream@0.0.9
40 silly currentTree ├── boom@2.10.1
40 silly currentTree ├── bower-config@1.4.1
40 silly currentTree ├── brace-expansion@1.1.11
40 silly currentTree ├── braces@1.8.5
40 silly currentTree ├── browser-sync-client@2.5.1
40 silly currentTree ├─┬ browser-sync-spa@1.0.3
40 silly currentTree │ └── connect-history-api-fallback@0.0.5
40 silly currentTree ├── browser-sync-ui@0.6.3
40 silly currentTree ├── browser-sync@2.18.13
40 silly currentTree ├── browserslist@1.7.7
40 silly currentTree ├── bs-recipes@1.3.4
40 silly currentTree ├── buffer-crc32@0.2.13
40 silly currentTree ├── bufferstreams@1.0.2
40 silly currentTree ├── builtin-modules@1.1.1
40 silly currentTree ├─┬ cache-base@1.0.1
40 silly currentTree │ ├── component-emitter@1.2.1
40 silly currentTree │ └── isobject@3.0.1
40 silly currentTree ├── callsite@1.0.0
40 silly currentTree ├─┬ camelcase-keys@2.1.0
40 silly currentTree │ └── camelcase@2.1.1
40 silly currentTree ├── camelcase@1.2.1
40 silly currentTree ├── caniuse-db@1.0.30000813
40 silly currentTree ├── caseless@0.12.0
40 silly currentTree ├─┬ center-align@0.1.3
40 silly currentTree │ └── lazy-cache@1.0.4
40 silly currentTree ├── chalk@1.1.3
40 silly currentTree ├── chokidar@1.7.0
40 silly currentTree ├── circular-json@0.3.3
40 silly currentTree ├─┬ class-utils@0.3.6
40 silly currentTree │ ├── define-property@0.2.5
40 silly currentTree │ ├─┬ is-accessor-descriptor@0.1.6
40 silly currentTree │ │ └── kind-of@3.2.2
40 silly currentTree │ ├─┬ is-data-descriptor@0.1.4
40 silly currentTree │ │ └── kind-of@3.2.2
40 silly currentTree │ ├── is-descriptor@0.1.6
40 silly currentTree │ ├── isobject@3.0.1
40 silly currentTree │ └── kind-of@5.1.0
40 silly currentTree ├─┬ clean-css@3.4.28
40 silly currentTree │ ├── commander@2.8.1
40 silly currentTree │ └── source-map@0.4.4
40 silly currentTree ├─┬ cli-color@1.1.0
40 silly currentTree │ └── d@0.1.1
40 silly currentTree ├── cli-cursor@1.0.2
40 silly currentTree ├── cli-width@1.1.1
40 silly currentTree ├── cliui@3.2.0
40 silly currentTree ├── clone-stats@0.0.1
40 silly currentTree ├── clone@1.0.3
40 silly currentTree ├── co@4.6.0
40 silly currentTree ├── code-point-at@1.1.0
40 silly currentTree ├── collection-visit@1.0.0
40 silly currentTree ├── color-convert@0.5.3
40 silly currentTree ├── color-name@1.1.3
40 silly currentTree ├── color-string@0.3.0
40 silly currentTree ├── color-support@1.1.3
40 silly currentTree ├── color@0.8.0
40 silly currentTree ├── colornames@0.0.2
40 silly currentTree ├── colorspace@1.0.1
40 silly currentTree ├── combined-stream@1.0.6
40 silly currentTree ├── commander@2.14.1
40 silly currentTree ├── component-bind@1.0.0
40 silly currentTree ├── component-emitter@1.1.2
40 silly currentTree ├── component-inherit@0.0.3
40 silly currentTree ├── concat-map@0.0.1
40 silly currentTree ├── concat-stream@1.6.1
40 silly currentTree ├─┬ concat-with-sourcemaps@1.0.5
40 silly currentTree │ └── source-map@0.6.1
40 silly currentTree ├── connect-history-api-fallback@1.5.0
40 silly currentTree ├── connect@3.5.0
40 silly currentTree ├── console-control-strings@1.1.0
40 silly currentTree ├── convert-source-map@1.5.1
40 silly currentTree ├── cookie@0.3.1
40 silly currentTree ├── copy-descriptor@0.1.1
40 silly currentTree ├── core-util-is@1.0.2
40 silly currentTree ├─┬ cross-spawn@3.0.1
40 silly currentTree │ └── lru-cache@4.1.1
40 silly currentTree ├── cryptiles@2.0.5
40 silly currentTree ├── currently-unhandled@0.4.1
40 silly currentTree ├── d@1.0.0
40 silly currentTree ├── dargs@4.1.0
40 silly currentTree ├─┬ dashdash@1.14.1
40 silly currentTree │ └── assert-plus@1.0.0
40 silly currentTree ├── dateformat@2.2.0
40 silly currentTree ├── debug@2.2.0
40 silly currentTree ├── decamelize@1.2.0
40 silly currentTree ├── decode-uri-component@0.2.0
40 silly currentTree ├── deep-is@0.1.3
40 silly currentTree ├── defaults@1.0.3
40 silly currentTree ├─┬ define-property@2.0.2
40 silly currentTree │ └── isobject@3.0.1
40 silly currentTree ├── del@2.2.2
40 silly currentTree ├── delayed-stream@1.0.0
40 silly currentTree ├── delegates@1.0.0
40 silly currentTree ├── depd@1.1.2
40 silly currentTree ├── deprecated@0.0.1
40 silly currentTree ├── destroy@1.0.4
40 silly currentTree ├── detect-file@1.0.0
40 silly currentTree ├── dev-ip@1.0.1
40 silly currentTree ├── diagnostics@1.0.1
40 silly currentTree ├─┬ doctrine@0.7.2
40 silly currentTree │ ├── esutils@1.1.6
40 silly currentTree │ └── isarray@0.0.1
40 silly currentTree ├─┬ dom-serializer@0.1.0
40 silly currentTree │ └── domelementtype@1.1.3
40 silly currentTree ├── domelementtype@1.3.0
40 silly currentTree ├── domhandler@2.4.1
40 silly currentTree ├── domutils@1.7.0
40 silly currentTree ├── duplexer@0.1.1
40 silly currentTree ├─┬ duplexer2@0.0.2
40 silly currentTree │ ├── isarray@0.0.1
40 silly currentTree │ ├── readable-stream@1.1.14
40 silly currentTree │ └── string_decoder@0.10.31
40 silly currentTree ├─┬ duplexify@3.5.4
40 silly currentTree │ └── end-of-stream@1.4.1
40 silly currentTree ├─┬ easy-extender@2.3.2
40 silly currentTree │ └── lodash@3.10.1
40 silly currentTree ├── eazy-logger@3.0.2
40 silly currentTree ├── ecc-jsbn@0.1.1
40 silly currentTree ├── ee-first@1.1.1
40 silly currentTree ├── electron-to-chromium@1.3.36
40 silly currentTree ├── emits@3.0.0
40 silly currentTree ├── emitter-steward@1.0.0
40 silly currentTree ├── enabled@1.0.2
40 silly currentTree ├── encodeurl@1.0.2
40 silly currentTree ├─┬ end-of-stream@0.1.5
40 silly currentTree │ └── once@1.3.3
40 silly currentTree ├─┬ engine.io-client@1.8.0
40 silly currentTree │ ├── component-emitter@1.2.1
40 silly currentTree │ ├── debug@2.3.3
40 silly currentTree │ └── ms@0.7.2
40 silly currentTree ├─┬ engine.io-parser@1.3.1
40 silly currentTree │ ├── has-binary@0.1.6
40 silly currentTree │ └── isarray@0.0.1
40 silly currentTree ├─┬ engine.io@1.8.0
40 silly currentTree │ ├── accepts@1.3.3
40 silly currentTree │ ├── debug@2.3.3
40 silly currentTree │ └── ms@0.7.2
40 silly currentTree ├── entities@1.1.1
40 silly currentTree ├── env-variable@0.0.4
40 silly currentTree ├── error-ex@1.3.1
40 silly currentTree ├── es5-ext@0.10.39
40 silly currentTree ├── es6-iterator@2.0.3
40 silly currentTree ├── es6-map@0.1.5
40 silly currentTree ├── es6-promise@2.3.0
40 silly currentTree ├── es6-set@0.1.5
40 silly currentTree ├── es6-symbol@3.1.1
40 silly currentTree ├── es6-weak-map@2.0.2
40 silly currentTree ├── escape-html@1.0.3
40 silly currentTree ├── escape-string-regexp@1.0.5
40 silly currentTree ├── escope@3.6.0
40 silly currentTree ├── eslint-plugin-angular@0.12.0
40 silly currentTree ├─┬ eslint@1.10.3
40 silly currentTree │ ├── espree@2.2.5
40 silly currentTree │ ├── glob@5.0.15
40 silly currentTree │ ├── minimist@0.0.8
40 silly currentTree │ ├── mkdirp@0.5.1
40 silly currentTree │ └── user-home@2.0.0
40 silly currentTree ├── esprima@1.2.5
40 silly currentTree ├── esrecurse@4.2.1
40 silly currentTree ├── estraverse-fb@1.3.2
40 silly currentTree ├── estraverse@4.2.0
40 silly currentTree ├── esutils@2.0.2
40 silly currentTree ├── etag@1.8.1
40 silly currentTree ├── event-emitter@0.3.5
40 silly currentTree ├── event-stream@3.3.4
40 silly currentTree ├── eventemitter3@1.2.0
40 silly currentTree ├── exit-hook@1.1.1
40 silly currentTree ├── exit@0.1.2
40 silly currentTree ├── expand-brackets@0.1.5
40 silly currentTree ├── expand-range@1.8.2
40 silly currentTree ├── expand-tilde@2.0.2
40 silly currentTree ├─┬ express@2.5.11
40 silly currentTree │ ├── connect@1.9.2
40 silly currentTree │ └── qs@0.4.2
40 silly currentTree ├─┬ extend-shallow@3.0.2
40 silly currentTree │ └── is-extendable@1.0.1
40 silly currentTree ├── extend@3.0.1
40 silly currentTree ├── extglob@0.3.2
40 silly currentTree ├── extsprintf@1.3.0
40 silly currentTree ├── fancy-log@1.3.2
40 silly currentTree ├── fast-levenshtein@1.0.7
40 silly currentTree ├── figures@1.7.0
40 silly currentTree ├── file-entry-cache@1.3.1
40 silly currentTree ├── filename-regex@2.0.1
40 silly currentTree ├── fill-range@2.2.3
40 silly currentTree ├── finalhandler@0.5.0
40 silly currentTree ├── find-index@0.1.1
40 silly currentTree ├── find-up@1.1.2
40 silly currentTree ├─┬ findup-sync@2.0.0
40 silly currentTree │ ├── arr-diff@4.0.0
40 silly currentTree │ ├── array-unique@0.3.2
40 silly currentTree │ ├─┬ braces@2.3.1
40 silly currentTree │ │ ├── define-property@1.0.0
40 silly currentTree │ │ └── extend-shallow@2.0.1
40 silly currentTree │ ├── debug@2.6.9
40 silly currentTree │ ├─┬ expand-brackets@2.1.4
40 silly currentTree │ │ ├── define-property@0.2.5
40 silly currentTree │ │ ├── extend-shallow@2.0.1
40 silly currentTree │ │ ├── is-descriptor@0.1.6
40 silly currentTree │ │ └── kind-of@5.1.0
40 silly currentTree │ ├─┬ extglob@2.0.4
40 silly currentTree │ │ ├── define-property@1.0.0
40 silly currentTree │ │ └── extend-shallow@2.0.1
40 silly currentTree │ ├─┬ fill-range@4.0.0
40 silly currentTree │ │ └── extend-shallow@2.0.1
40 silly currentTree │ ├─┬ is-accessor-descriptor@0.1.6
40 silly currentTree │ │ └── kind-of@3.2.2
40 silly currentTree │ ├─┬ is-data-descriptor@0.1.4
40 silly currentTree │ │ └── kind-of@3.2.2
40 silly currentTree │ ├── is-extglob@2.1.1
40 silly currentTree │ ├── is-glob@3.1.0
40 silly currentTree │ ├─┬ is-number@3.0.0
40 silly currentTree │ │ └── kind-of@3.2.2
40 silly currentTree │ ├── isobject@3.0.1
40 silly currentTree │ ├── kind-of@6.0.2
40 silly currentTree │ ├── micromatch@3.1.9
40 silly currentTree │ └── ms@2.0.0
40 silly currentTree ├── fined@1.1.0
40 silly currentTree ├── first-chunk-stream@1.0.0
40 silly currentTree ├── flagged-respawn@1.0.0
40 silly currentTree ├── flat-cache@1.3.0
40 silly currentTree ├── for-in@1.0.2
40 silly currentTree ├── for-own@0.1.5
40 silly currentTree ├── forever-agent@0.6.1
40 silly currentTree ├── fork-stream@0.0.4
40 silly currentTree ├── form-data@2.1.4
40 silly currentTree ├── formidable@1.0.17
40 silly currentTree ├── fragment-cache@0.2.1
40 silly currentTree ├── fresh@0.3.0
40 silly currentTree ├── from@0.1.7
40 silly currentTree ├── fs-exists-sync@0.1.0
40 silly currentTree ├── fs-extra@3.0.1
40 silly currentTree ├── fs.realpath@1.0.0
40 silly currentTree ├─┬ fstream@1.0.11
40 silly currentTree │ ├── minimist@0.0.8
40 silly currentTree │ └── mkdirp@0.5.1
40 silly currentTree ├── gauge@2.7.4
40 silly currentTree ├── gaze@0.5.2
40 silly currentTree ├── generate-function@2.0.0
40 silly currentTree ├── generate-object-property@1.2.0
40 silly currentTree ├── get-caller-file@1.0.2
40 silly currentTree ├── get-stdin@4.0.1
40 silly currentTree ├── get-value@2.0.6
40 silly currentTree ├─┬ getpass@0.1.7
40 silly currentTree │ └── assert-plus@1.0.0
40 silly currentTree ├── gift@0.6.1
40 silly currentTree ├── glob-base@0.3.0
40 silly currentTree ├── glob-parent@2.0.0
40 silly currentTree ├─┬ glob-stream@3.1.18
40 silly currentTree │ ├── glob@4.5.3
40 silly currentTree │ ├── isarray@0.0.1
40 silly currentTree │ ├── minimatch@2.0.10
40 silly currentTree │ ├── readable-stream@1.0.34
40 silly currentTree │ ├── string_decoder@0.10.31
40 silly currentTree │ └── through2@0.6.5
40 silly currentTree ├── glob-watcher@0.0.6
40 silly currentTree ├── glob@7.1.2
40 silly currentTree ├── glob2base@0.0.12
40 silly currentTree ├── global-modules@1.0.0
40 silly currentTree ├── global-prefix@1.0.2
40 silly currentTree ├── globals@8.18.0
40 silly currentTree ├── globby@5.0.0
40 silly currentTree ├─┬ globule@0.1.0
40 silly currentTree │ ├── glob@3.1.21
40 silly currentTree │ ├── graceful-fs@1.2.3
40 silly currentTree │ ├── inherits@1.0.2
40 silly currentTree │ ├── lodash@1.0.2
40 silly currentTree │ └── minimatch@0.2.14
40 silly currentTree ├── glogg@1.0.1
40 silly currentTree ├── graceful-fs@4.1.11
40 silly currentTree ├── graceful-readlink@1.0.1
40 silly currentTree ├─┬ group-array@0.3.3
40 silly currentTree │ ├── extend-shallow@2.0.1
40 silly currentTree │ ├── set-value@0.4.3
40 silly currentTree │ ├── split-string@1.0.1
40 silly currentTree │ └── union-value@0.2.4
40 silly currentTree ├── gulp-angular-filesort@1.1.1
40 silly currentTree ├─┬ gulp-angular-templatecache@2.0.0
40 silly currentTree │ ├── dateformat@1.0.12
40 silly currentTree │ ├── event-stream@3.3.2
40 silly currentTree │ ├── gulp-util@3.0.7
40 silly currentTree │ └── object-assign@3.0.0
40 silly currentTree ├── gulp-autoprefixer@3.1.1
40 silly currentTree ├─┬ gulp-concat@2.6.0
40 silly currentTree │ ├── isarray@0.0.1
40 silly currentTree │ ├── readable-stream@1.0.34
40 silly currentTree │ ├── string_decoder@0.10.31
40 silly currentTree │ └── through2@0.6.5
40 silly currentTree ├─┬ gulp-eslint@1.0.0
40 silly currentTree │ └── object-assign@3.0.0
40 silly currentTree ├── gulp-filter@4.0.0
40 silly currentTree ├── gulp-flatten@0.3.1
40 silly currentTree ├── gulp-footer@1.0.5
40 silly currentTree ├─┬ gulp-gh-pages@0.5.4
40 silly currentTree │ ├── glob-parent@3.1.0
40 silly currentTree │ ├─┬ glob-stream@5.3.5
40 silly currentTree │ │ ├── readable-stream@1.0.34
40 silly currentTree │ │ └── through2@0.6.5
40 silly currentTree │ ├── glob@5.0.15
40 silly currentTree │ ├── is-extglob@2.1.1
40 silly currentTree │ ├── is-glob@3.1.0
40 silly currentTree │ ├── isarray@0.0.1
40 silly currentTree │ ├── minimist@0.0.8
40 silly currentTree │ ├── mkdirp@0.5.1
40 silly currentTree │ ├── ordered-read-streams@0.3.0
40 silly currentTree │ ├── string_decoder@0.10.31
40 silly currentTree │ ├── unique-stream@2.2.1
40 silly currentTree │ ├── vinyl-fs@2.4.4
40 silly currentTree │ └── vinyl@1.2.0
40 silly currentTree ├── gulp-header@1.8.2
40 silly currentTree ├─┬ gulp-if@1.2.5
40 silly currentTree │ ├── isarray@0.0.1
40 silly currentTree │ ├── readable-stream@1.0.34
40 silly currentTree │ ├── string_decoder@0.10.31
40 silly currentTree │ └── through2@0.6.5
40 silly currentTree ├── gulp-inject@4.1.0
40 silly currentTree ├─┬ gulp-load-plugins@1.4.0
40 silly currentTree │ ├── detect-file@0.1.0
40 silly currentTree │ ├── expand-tilde@1.2.2
40 silly currentTree │ ├── findup-sync@0.4.3
40 silly currentTree │ ├── global-modules@0.2.3
40 silly currentTree │ ├── global-prefix@0.1.5
40 silly currentTree │ ├── is-windows@0.2.0
40 silly currentTree │ └── resolve-dir@0.1.1
40 silly currentTree ├─┬ gulp-match@0.2.1
40 silly currentTree │ └── minimatch@1.0.0
40 silly currentTree ├── gulp-minify-css@1.2.4
40 silly currentTree ├─┬ gulp-minify-html@1.0.6
40 silly currentTree │ ├── isarray@0.0.1
40 silly currentTree │ ├── readable-stream@1.0.34
40 silly currentTree │ ├── string_decoder@0.10.31
40 silly currentTree │ └── through2@0.6.5
40 silly currentTree ├─┬ gulp-ng-annotate@2.0.0
40 silly currentTree │ └── bufferstreams@1.1.3
40 silly currentTree ├─┬ gulp-prompt@0.2.0
40 silly currentTree │ ├── event-stream@3.0.20
40 silly currentTree │ ├── inquirer@0.10.1
40 silly currentTree │ ├── lodash@3.10.1
40 silly currentTree │ ├── map-stream@0.0.7
40 silly currentTree │ └── split@0.2.10
40 silly currentTree ├── gulp-protractor@3.0.0
40 silly currentTree ├── gulp-rename@1.2.2
40 silly currentTree ├── gulp-replace@0.5.4
40 silly currentTree ├── gulp-rev-replace@0.4.4
40 silly currentTree ├── gulp-rev@7.1.2
40 silly currentTree ├─┬ gulp-sass@2.3.2
40 silly currentTree │ └── lodash.clonedeep@4.5.0
40 silly currentTree ├── gulp-shell@0.5.2
40 silly currentTree ├── gulp-size@2.1.0
40 silly currentTree ├─┬ gulp-sourcemaps@1.6.0
40 silly currentTree │ └── vinyl@1.2.0
40 silly currentTree ├─┬ gulp-uglify@2.0.1
40 silly currentTree │ ├── async@0.2.10
40 silly currentTree │ ├── cliui@2.1.0
40 silly currentTree │ ├── uglify-js@2.7.5
40 silly currentTree │ ├── window-size@0.1.0
40 silly currentTree │ ├── wordwrap@0.0.2
40 silly currentTree │ └── yargs@3.10.0
40 silly currentTree ├─┬ gulp-useref@1.3.0
40 silly currentTree │ ├── clone@0.2.0
40 silly currentTree │ ├── glob-stream@4.1.1
40 silly currentTree │ ├── glob-watcher@0.0.8
40 silly currentTree │ ├── glob@4.5.3
40 silly currentTree │ ├── graceful-fs@3.0.11
40 silly currentTree │ ├── isarray@0.0.1
40 silly currentTree │ ├── lodash@3.10.1
40 silly currentTree │ ├── merge-stream@0.1.8
40 silly currentTree │ ├── minimatch@2.0.10
40 silly currentTree │ ├── minimist@0.0.8
40 silly currentTree │ ├── mkdirp@0.5.1
40 silly currentTree │ ├── object-assign@2.1.1
40 silly currentTree │ ├── readable-stream@1.0.34
40 silly currentTree │ ├── string_decoder@0.10.31
40 silly currentTree │ ├── strip-bom@1.0.0
40 silly currentTree │ ├── through2@0.6.5
40 silly currentTree │ ├── unique-stream@2.2.1
40 silly currentTree │ ├── vinyl-fs@1.0.0
40 silly currentTree │ └── vinyl@0.4.6
40 silly currentTree ├─┬ gulp-util@3.0.8
40 silly currentTree │ └── object-assign@3.0.0
40 silly currentTree ├── gulp-zip@3.2.0
40 silly currentTree ├─┬ gulp@3.9.1
40 silly currentTree │ └── semver@4.3.6
40 silly currentTree ├── gulplog@1.0.0
40 silly currentTree ├── gzip-size@3.0.0
40 silly currentTree ├─┬ handlebars@4.0.11
40 silly currentTree │ └── source-map@0.4.4
40 silly currentTree ├── har-schema@1.0.5
40 silly currentTree ├── har-validator@4.2.1
40 silly currentTree ├── has-ansi@2.0.0
40 silly currentTree ├─┬ has-binary@0.1.7
40 silly currentTree │ └── isarray@0.0.1
40 silly currentTree ├── has-cors@1.1.0
40 silly currentTree ├── has-flag@1.0.0
40 silly currentTree ├── has-gulplog@0.1.0
40 silly currentTree ├── has-unicode@2.0.1
40 silly currentTree ├─┬ has-value@1.0.0
40 silly currentTree │ └── isobject@3.0.1
40 silly currentTree ├─┬ has-values@1.0.0
40 silly currentTree │ ├─┬ is-number@3.0.0
40 silly currentTree │ │ └── kind-of@3.2.2
40 silly currentTree │ └── kind-of@4.0.0
40 silly currentTree ├── hawk@3.1.3
40 silly currentTree ├── hoek@2.16.3
40 silly currentTree ├── homedir-polyfill@1.0.1
40 silly currentTree ├── hosted-git-info@2.5.0
40 silly currentTree ├── htmlparser2@3.9.2
40 silly currentTree ├── http-errors@1.5.1
40 silly currentTree ├─┬ http-proxy-middleware@0.17.4
40 silly currentTree │ ├── http-proxy@1.16.2
40 silly currentTree │ ├── is-extglob@2.1.1
40 silly currentTree │ └── is-glob@3.1.0
40 silly currentTree ├── http-proxy@1.15.2
40 silly currentTree ├── http-signature@1.1.1
40 silly currentTree ├── https-proxy-agent@1.0.0
40 silly currentTree ├── immutable@3.8.1
40 silly currentTree ├── in-publish@2.0.0
40 silly currentTree ├── indent-string@2.1.0
40 silly currentTree ├── indexof@0.0.1
40 silly currentTree ├── inflight@1.0.6
40 silly currentTree ├── inherits@2.0.3
40 silly currentTree ├── ini@1.3.5
40 silly currentTree ├─┬ inquirer@0.11.4
40 silly currentTree │ └── lodash@3.10.1
40 silly currentTree ├── interpret@1.1.0
40 silly currentTree ├── invert-kv@1.0.0
40 silly currentTree ├── is-absolute-url@1.0.0
40 silly currentTree ├── is-absolute@1.0.0
40 silly currentTree ├─┬ is-accessor-descriptor@1.0.0
40 silly currentTree │ └── kind-of@6.0.2
40 silly currentTree ├── is-arrayish@0.2.1
40 silly currentTree ├── is-binary-path@1.0.1
40 silly currentTree ├── is-buffer@1.1.6
40 silly currentTree ├── is-builtin-module@1.0.0
40 silly currentTree ├─┬ is-data-descriptor@1.0.0
40 silly currentTree │ └── kind-of@6.0.2
40 silly currentTree ├─┬ is-descriptor@1.0.2
40 silly currentTree │ └── kind-of@6.0.2
40 silly currentTree ├── is-dotfile@1.0.3
40 silly currentTree ├── is-equal-shallow@0.1.3
40 silly currentTree ├── is-extendable@0.1.1
40 silly currentTree ├── is-extglob@1.0.0
40 silly currentTree ├── is-finite@1.0.2
40 silly currentTree ├── is-fullwidth-code-point@1.0.0
40 silly currentTree ├── is-glob@2.0.1
40 silly currentTree ├── is-my-ip-valid@1.0.0
40 silly currentTree ├── is-my-json-valid@2.17.2
40 silly currentTree ├── is-number-like@1.0.8
40 silly currentTree ├── is-number@2.1.0
40 silly currentTree ├─┬ is-odd@2.0.0
40 silly currentTree │ └── is-number@4.0.0
40 silly currentTree ├── is-path-cwd@1.0.0
40 silly currentTree ├── is-path-in-cwd@1.0.0
40 silly currentTree ├── is-path-inside@1.0.1
40 silly currentTree ├── is-plain-obj@1.1.0
40 silly currentTree ├─┬ is-plain-object@2.0.4
40 silly currentTree │ └── isobject@3.0.1
40 silly currentTree ├── is-posix-bracket@0.1.1
40 silly currentTree ├── is-primitive@2.0.0
40 silly currentTree ├── is-property@1.0.2
40 silly currentTree ├── is-relative-url@1.0.0
40 silly currentTree ├── is-relative@1.0.0
40 silly currentTree ├── is-resolvable@1.1.0
40 silly currentTree ├── is-stream@1.1.0
40 silly currentTree ├── is-typedarray@1.0.0
40 silly currentTree ├── is-unc-path@1.0.0
40 silly currentTree ├── is-utf8@0.2.1
40 silly currentTree ├── is-valid-glob@0.3.0
40 silly currentTree ├── is-windows@1.0.2
40 silly currentTree ├── isarray@1.0.0
40 silly currentTree ├── isexe@2.0.0
40 silly currentTree ├── isobject@2.1.0
40 silly currentTree ├── isstream@0.1.2
40 silly currentTree ├── istextorbinary@1.0.2
40 silly currentTree ├── jasmine-core@2.4.1
40 silly currentTree ├─┬ jasmine@2.4.1
40 silly currentTree │ ├── glob@3.2.11
40 silly currentTree │ └── minimatch@0.3.0
40 silly currentTree ├── jasminewd2@0.0.10
40 silly currentTree ├── js-base64@2.4.3
40 silly currentTree ├─┬ js-yaml@3.4.5
40 silly currentTree │ └── esprima@2.7.3
40 silly currentTree ├── jsbn@0.1.1
40 silly currentTree ├── jsesc@2.2.0
40 silly currentTree ├── json-schema@0.2.3
40 silly currentTree ├── json-stable-stringify@1.0.1
40 silly currentTree ├── json-stringify-safe@5.0.1
40 silly currentTree ├── json3@3.3.2
40 silly currentTree ├── jsonfile@3.0.1
40 silly currentTree ├── jsonify@0.0.0
40 silly currentTree ├── jsonpointer@4.0.1
40 silly currentTree ├─┬ jsprim@1.4.1
40 silly currentTree │ └── assert-plus@1.0.0
40 silly currentTree ├── kind-of@3.2.2
40 silly currentTree ├── kuler@0.0.0
40 silly currentTree ├── lazy-cache@2.0.2
40 silly currentTree ├── lazystream@1.0.0
40 silly currentTree ├── lcid@1.0.0
40 silly currentTree ├── levn@0.2.5
40 silly currentTree ├── liftoff@2.5.0
40 silly currentTree ├── limiter@1.1.2
40 silly currentTree ├── load-json-file@1.1.0
40 silly currentTree ├─┬ localtunnel@1.8.3
40 silly currentTree │ ├── debug@2.6.8
40 silly currentTree │ ├── ms@2.0.0
40 silly currentTree │ └── yargs@3.29.0
40 silly currentTree ├── lodash._arraycopy@3.0.0
40 silly currentTree ├── lodash._arrayeach@3.0.0
40 silly currentTree ├── lodash._arraymap@3.0.0
40 silly currentTree ├── lodash._baseassign@3.2.0
40 silly currentTree ├── lodash._baseclone@3.3.0
40 silly currentTree ├── lodash._basecopy@3.0.1
40 silly currentTree ├── lodash._basedifference@3.0.3
40 silly currentTree ├── lodash._baseflatten@3.1.4
40 silly currentTree ├── lodash._basefor@3.0.3
40 silly currentTree ├── lodash._baseindexof@3.1.0
40 silly currentTree ├── lodash._basetostring@3.0.1
40 silly currentTree ├── lodash._basevalues@3.0.0
40 silly currentTree ├── lodash._bindcallback@3.0.1
40 silly currentTree ├── lodash._cacheindexof@3.0.2
40 silly currentTree ├── lodash._createassigner@3.1.1
40 silly currentTree ├── lodash._createcache@3.1.2
40 silly currentTree ├── lodash._getnative@3.9.1
40 silly currentTree ├── lodash._isiterateecall@3.0.9
40 silly currentTree ├── lodash._pickbyarray@3.0.2
40 silly currentTree ├── lodash._pickbycallback@3.0.0
40 silly currentTree ├── lodash._reescape@3.0.0
40 silly currentTree ├── lodash._reevaluate@3.0.0
40 silly currentTree ├── lodash._reinterpolate@3.0.0
40 silly currentTree ├── lodash._root@3.0.1
40 silly currentTree ├── lodash.assign@4.2.0
40 silly currentTree ├── lodash.clonedeep@3.0.2
40 silly currentTree ├── lodash.escape@3.2.0
40 silly currentTree ├── lodash.isarguments@3.1.0
40 silly currentTree ├── lodash.isarray@3.0.4
40 silly currentTree ├── lodash.isequal@4.5.0
40 silly currentTree ├── lodash.isfinite@3.3.2
40 silly currentTree ├── lodash.isplainobject@3.2.0
40 silly currentTree ├── lodash.istypedarray@3.0.6
40 silly currentTree ├── lodash.keys@3.1.2
40 silly currentTree ├── lodash.keysin@3.0.8
40 silly currentTree ├── lodash.merge@3.3.2
40 silly currentTree ├── lodash.omit@3.1.0
40 silly currentTree ├── lodash.restparam@3.6.1
40 silly currentTree ├── lodash.template@3.6.2
40 silly currentTree ├── lodash.templatesettings@3.1.1
40 silly currentTree ├── lodash.toplainobject@3.0.0
40 silly currentTree ├── lodash@4.17.5
40 silly currentTree ├── longest@1.0.1
40 silly currentTree ├── loud-rejection@1.6.0
40 silly currentTree ├── lru-cache@2.7.3
40 silly currentTree ├── lru-queue@0.1.0
40 silly currentTree ├─┬ main-bower-files@2.13.1
40 silly currentTree │ ├── extend@2.0.1
40 silly currentTree │ ├── glob-parent@3.1.0
40 silly currentTree │ ├─┬ glob-stream@5.3.5
40 silly currentTree │ │ ├── extend@3.0.1
40 silly currentTree │ │ ├── readable-stream@1.0.34
40 silly currentTree │ │ └── through2@0.6.5
40 silly currentTree │ ├── glob@5.0.15
40 silly currentTree │ ├── globby@2.1.0
40 silly currentTree │ ├── is-extglob@2.1.1
40 silly currentTree │ ├── is-glob@3.1.0
40 silly currentTree │ ├── isarray@0.0.1
40 silly currentTree │ ├── minimist@0.0.8
40 silly currentTree │ ├── mkdirp@0.5.1
40 silly currentTree │ ├── object-assign@3.0.0
40 silly currentTree │ ├── ordered-read-streams@0.3.0
40 silly currentTree │ ├── path-exists@1.0.0
40 silly currentTree │ ├── string_decoder@0.10.31
40 silly currentTree │ ├── unique-stream@2.2.1
40 silly currentTree │ ├─┬ vinyl-fs@2.4.4
40 silly currentTree │ │ └── object-assign@4.1.1
40 silly currentTree │ └── vinyl@1.2.0
40 silly currentTree ├── make-error-cause@1.2.2
40 silly currentTree ├── make-error@1.3.4
40 silly currentTree ├── make-iterator@1.0.0
40 silly currentTree ├── map-cache@0.2.2
40 silly currentTree ├── map-obj@1.0.1
40 silly currentTree ├── map-stream@0.1.0
40 silly currentTree ├── map-visit@1.0.0
40 silly currentTree ├─┬ memoizee@0.3.10
40 silly currentTree │ ├── d@0.1.1
40 silly currentTree │ ├── es6-iterator@0.1.3
40 silly currentTree │ ├── es6-symbol@2.0.1
40 silly currentTree │ └── es6-weak-map@0.1.4
40 silly currentTree ├── meow@3.7.0
40 silly currentTree ├── merge-stream@1.0.1
40 silly currentTree ├── merge@1.2.0
40 silly currentTree ├── micromatch@2.3.11
40 silly currentTree ├── mime-db@1.33.0
40 silly currentTree ├── mime-types@2.1.18
40 silly currentTree ├── mime@1.2.4
40 silly currentTree ├── minimatch@3.0.4
40 silly currentTree ├── minimist@1.2.0
40 silly currentTree ├─┬ minimize@1.8.1
40 silly currentTree │ └── node-uuid@1.4.8
40 silly currentTree ├─┬ mixin-deep@1.3.1
40 silly currentTree │ └── is-extendable@1.0.1
40 silly currentTree ├── mkdirp@0.3.0
40 silly currentTree ├── modify-filename@1.1.0
40 silly currentTree ├── mout@1.1.0
40 silly currentTree ├── ms@0.7.1
40 silly currentTree ├── multimatch@2.1.0
40 silly currentTree ├── multipipe@0.1.2
40 silly currentTree ├── mute-stream@0.0.5
40 silly currentTree ├── nan@2.9.2
40 silly currentTree ├─┬ nanomatch@1.2.9
40 silly currentTree │ ├── arr-diff@4.0.0
40 silly currentTree │ ├── array-unique@0.3.2
40 silly currentTree │ └── kind-of@6.0.2
40 silly currentTree ├── natives@1.1.1
40 silly currentTree ├── negotiator@0.6.1
40 silly currentTree ├── next-tick@0.2.2
40 silly currentTree ├─┬ ng-annotate@1.2.2
40 silly currentTree │ └── convert-source-map@1.1.3
40 silly currentTree ├─┬ ng-dependencies@0.2.0
40 silly currentTree │ ├── estraverse@1.9.3
40 silly currentTree │ └── lodash@3.10.1
40 silly currentTree ├─┬ node-gyp@3.6.2
40 silly currentTree │ ├── minimist@0.0.8
40 silly currentTree │ ├── mkdirp@0.5.1
40 silly currentTree │ └── semver@5.3.0
40 silly currentTree ├─┬ node-sass@3.13.1
40 silly currentTree │ ├── gaze@1.1.2
40 silly currentTree │ ├── globule@1.2.0
40 silly currentTree │ ├── lodash.clonedeep@4.5.0
40 silly currentTree │ ├── minimist@0.0.8
40 silly currentTree │ └── mkdirp@0.5.1
40 silly currentTree ├── node-useref@0.3.15
40 silly currentTree ├── nopt@3.0.6
40 silly currentTree ├── normalize-package-data@2.4.0
40 silly currentTree ├── normalize-path@2.1.1
40 silly currentTree ├── normalize-range@0.1.2
40 silly currentTree ├── npmlog@4.1.2
40 silly currentTree ├── num2fraction@1.2.2
40 silly currentTree ├── number-is-nan@1.0.1
40 silly currentTree ├── oauth-sign@0.8.2
40 silly currentTree ├── object-assign@4.1.1
40 silly currentTree ├── object-component@0.0.3
40 silly currentTree ├─┬ object-copy@0.1.0
40 silly currentTree │ ├── define-property@0.2.5
40 silly currentTree │ ├── is-accessor-descriptor@0.1.6
40 silly currentTree │ ├── is-data-descriptor@0.1.4
40 silly currentTree │ └─┬ is-descriptor@0.1.6
40 silly currentTree │   └── kind-of@5.1.0
40 silly currentTree ├── object-path@0.9.2
40 silly currentTree ├─┬ object-visit@1.0.1
40 silly currentTree │ └── isobject@3.0.1
40 silly currentTree ├─┬ object.defaults@1.1.0
40 silly currentTree │ ├── for-own@1.0.0
40 silly currentTree │ └── isobject@3.0.1
40 silly currentTree ├─┬ object.map@1.0.1
40 silly currentTree │ └── for-own@1.0.0
40 silly currentTree ├── object.omit@2.0.1
40 silly currentTree ├─┬ object.pick@1.3.0
40 silly currentTree │ └── isobject@3.0.1
40 silly currentTree ├── on-finished@2.3.0
40 silly currentTree ├── once@1.4.0
40 silly currentTree ├── onetime@1.1.0
40 silly currentTree ├── openurl@1.1.1
40 silly currentTree ├── opn@4.0.2
40 silly currentTree ├─┬ opt-merger@1.1.1
40 silly currentTree │ └── lodash@3.10.1
40 silly currentTree ├─┬ optimist@0.6.1
40 silly currentTree │ └── minimist@0.0.10
40 silly currentTree ├── optionator@0.6.0
40 silly currentTree ├── options@0.0.6
40 silly currentTree ├── orchestrator@0.3.8
40 silly currentTree ├── ordered-ast-traverse@1.1.1
40 silly currentTree ├── ordered-esprima-props@1.1.0
40 silly currentTree ├── ordered-read-streams@0.1.0
40 silly currentTree ├── os-homedir@1.0.2
40 silly currentTree ├── os-locale@1.4.0
40 silly currentTree ├── os-tmpdir@1.0.2
40 silly currentTree ├── osenv@0.1.5
40 silly currentTree ├── parse-filepath@1.0.2
40 silly currentTree ├── parse-glob@3.0.4
40 silly currentTree ├── parse-json@2.2.0
40 silly currentTree ├── parse-passwd@1.0.0
40 silly currentTree ├── parsejson@0.0.3
40 silly currentTree ├── parseqs@0.0.5
40 silly currentTree ├── parseuri@0.0.5
40 silly currentTree ├── parseurl@1.3.2
40 silly currentTree ├── pascalcase@0.1.1
40 silly currentTree ├── path-dirname@1.0.2
40 silly currentTree ├── path-exists@2.1.0
40 silly currentTree ├── path-is-absolute@1.0.1
40 silly currentTree ├── path-is-inside@1.0.2
40 silly currentTree ├── path-parse@1.0.5
40 silly currentTree ├── path-root-regex@0.1.2
40 silly currentTree ├── path-root@0.1.1
40 silly currentTree ├── path-type@1.1.0
40 silly currentTree ├── pause-stream@0.0.11
40 silly currentTree ├── performance-now@0.2.0
40 silly currentTree ├── pify@2.3.0
40 silly currentTree ├── pinkie-promise@2.0.1
40 silly currentTree ├── pinkie@2.0.4
40 silly currentTree ├─┬ plugin-error@0.1.2
40 silly currentTree │ ├── arr-diff@1.1.0
40 silly currentTree │ ├── arr-union@2.1.0
40 silly currentTree │ ├── array-slice@0.2.3
40 silly currentTree │ ├── extend-shallow@1.1.4
40 silly currentTree │ └── kind-of@1.1.0
40 silly currentTree ├── portscanner@2.1.1
40 silly currentTree ├── posix-character-classes@0.1.1
40 silly currentTree ├── postcss-value-parser@3.3.0
40 silly currentTree ├─┬ postcss@5.2.18
40 silly currentTree │ └── supports-color@3.2.3
40 silly currentTree ├── prelude-ls@1.1.2
40 silly currentTree ├── preserve@0.2.0
40 silly currentTree ├── pretty-bytes@3.0.1
40 silly currentTree ├── pretty-hrtime@1.0.3
40 silly currentTree ├── process-nextick-args@2.0.0
40 silly currentTree ├── propprop@0.3.1
40 silly currentTree ├─┬ protractor@4.0.14
40 silly currentTree │ └── webdriver-manager@10.3.0
40 silly currentTree ├── pseudomap@1.0.2
40 silly currentTree ├── punycode@1.4.1
40 silly currentTree ├── q@1.4.1
40 silly currentTree ├── qs@6.2.1
40 silly currentTree ├─┬ randomatic@1.1.7
40 silly currentTree │ ├─┬ is-number@3.0.0
40 silly currentTree │ │ └── kind-of@3.2.2
40 silly currentTree │ └── kind-of@4.0.0
40 silly currentTree ├── range-parser@1.2.0
40 silly currentTree ├── read-pkg-up@1.0.1
40 silly currentTree ├── read-pkg@1.1.0
40 silly currentTree ├── readable-stream@2.3.5
40 silly currentTree ├── readdirp@2.1.0
40 silly currentTree ├── readline2@1.0.1
40 silly currentTree ├── rechoir@0.6.2
40 silly currentTree ├── redent@1.0.0
40 silly currentTree ├── regex-cache@0.4.4
40 silly currentTree ├── regex-not@1.0.2
40 silly currentTree ├── remove-trailing-separator@1.1.0
40 silly currentTree ├── repeat-element@1.1.2
40 silly currentTree ├── repeat-string@1.6.1
40 silly currentTree ├── repeating@2.0.1
40 silly currentTree ├── replace-ext@0.0.1
40 silly currentTree ├── replacestream@4.0.3
40 silly currentTree ├─┬ request@2.81.0
40 silly currentTree │ └── qs@6.4.0
40 silly currentTree ├── require-directory@2.1.1
40 silly currentTree ├── require-main-filename@1.0.1
40 silly currentTree ├── requires-port@1.0.0
40 silly currentTree ├── resolve-dir@1.0.1
40 silly currentTree ├── resolve-url@0.2.1
40 silly currentTree ├── resolve@1.5.0
40 silly currentTree ├── resp-modifier@6.0.2
40 silly currentTree ├── restore-cursor@1.0.1
40 silly currentTree ├── ret@0.1.15
40 silly currentTree ├── rev-hash@1.0.0
40 silly currentTree ├── rev-path@1.0.0
40 silly currentTree ├── right-align@0.1.3
40 silly currentTree ├── rimraf@2.6.2
40 silly currentTree ├── run-async@0.1.0
40 silly currentTree ├── rx-lite@3.1.2
40 silly currentTree ├── rx@4.1.0
40 silly currentTree ├── safe-buffer@5.1.1
40 silly currentTree ├── safe-regex@1.1.0
40 silly currentTree ├─┬ sass-graph@2.2.4
40 silly currentTree │ ├── camelcase@3.0.0
40 silly currentTree │ ├── yargs-parser@5.0.0
40 silly currentTree │ └── yargs@7.1.0
40 silly currentTree ├── saucelabs@1.3.0
40 silly currentTree ├── sax@0.6.1
40 silly currentTree ├─┬ scss-tokenizer@0.2.3
40 silly currentTree │ └── source-map@0.4.4
40 silly currentTree ├─┬ selenium-webdriver@2.53.3
40 silly currentTree │ └── adm-zip@0.4.4
40 silly currentTree ├── semver@5.5.0
40 silly currentTree ├─┬ send@0.15.2
40 silly currentTree │ ├─┬ debug@2.6.4
40 silly currentTree │ │ └── ms@0.7.3
40 silly currentTree │ ├── fresh@0.5.0
40 silly currentTree │ ├─┬ http-errors@1.6.2
40 silly currentTree │ │ └── depd@1.1.1
40 silly currentTree │ ├── mime@1.3.4
40 silly currentTree │ ├── ms@1.0.0
40 silly currentTree │ └── setprototypeof@1.0.3
40 silly currentTree ├── sequencify@0.0.7
40 silly currentTree ├── serve-index@1.8.0
40 silly currentTree ├── serve-static@1.12.2
40 silly currentTree ├── server-destroy@1.0.1
40 silly currentTree ├── set-blocking@2.0.0
40 silly currentTree ├── set-getter@0.1.0
40 silly currentTree ├── set-immediate-shim@1.0.1
40 silly currentTree ├─┬ set-value@2.0.0
40 silly currentTree │ └── extend-shallow@2.0.1
40 silly currentTree ├── setprototypeof@1.0.2
40 silly currentTree ├── shelljs@0.5.3
40 silly currentTree ├── sigmund@1.0.1
40 silly currentTree ├── signal-exit@3.0.2
40 silly currentTree ├── simple-fmt@0.1.0
40 silly currentTree ├── simple-is@0.2.0
40 silly currentTree ├─┬ snapdragon-node@2.1.1
40 silly currentTree │ ├── define-property@1.0.0
40 silly currentTree │ └── isobject@3.0.1
40 silly currentTree ├── snapdragon-util@3.0.1
40 silly currentTree ├─┬ snapdragon@0.8.1
40 silly currentTree │ ├── define-property@0.2.5
40 silly currentTree │ ├── extend-shallow@2.0.1
40 silly currentTree │ ├─┬ is-accessor-descriptor@0.1.6
40 silly currentTree │ │ └── kind-of@3.2.2
40 silly currentTree │ ├─┬ is-data-descriptor@0.1.4
40 silly currentTree │ │ └── kind-of@3.2.2
40 silly currentTree │ ├── is-descriptor@0.1.6
40 silly currentTree │ └── kind-of@5.1.0
40 silly currentTree ├── sntp@1.0.9
40 silly currentTree ├─┬ socket.io-adapter@0.5.0
40 silly currentTree │ ├── debug@2.3.3
40 silly currentTree │ └── ms@0.7.2
40 silly currentTree ├─┬ socket.io-client@1.6.0
40 silly currentTree │ ├── component-emitter@1.2.1
40 silly currentTree │ ├── debug@2.3.3
40 silly currentTree │ └── ms@0.7.2
40 silly currentTree ├─┬ socket.io-parser@2.3.1
40 silly currentTree │ └── isarray@0.0.1
40 silly currentTree ├─┬ socket.io@1.6.0
40 silly currentTree │ ├── debug@2.3.3
40 silly currentTree │ ├── ms@0.7.2
40 silly currentTree │ └── object-assign@4.1.0
40 silly currentTree ├── sort-keys@1.1.2
40 silly currentTree ├── source-map-resolve@0.5.1
40 silly currentTree ├── source-map-support@0.4.18
40 silly currentTree ├── source-map-url@0.4.0
40 silly currentTree ├── source-map@0.5.7
40 silly currentTree ├── sparkles@1.0.0
40 silly currentTree ├── spdx-correct@3.0.0
40 silly currentTree ├── spdx-exceptions@2.1.0
40 silly currentTree ├── spdx-expression-parse@3.0.0
40 silly currentTree ├── spdx-license-ids@3.0.0
40 silly currentTree ├── split-string@3.1.0
40 silly currentTree ├── split@0.3.3
40 silly currentTree ├── sprintf-js@1.0.3
40 silly currentTree ├─┬ sshpk@1.13.1
40 silly currentTree │ └── assert-plus@1.0.0
40 silly currentTree ├── stable@0.1.6
40 silly currentTree ├─┬ static-extend@0.1.2
40 silly currentTree │ ├── define-property@0.2.5
40 silly currentTree │ ├─┬ is-accessor-descriptor@0.1.6
40 silly currentTree │ │ └── kind-of@3.2.2
40 silly currentTree │ ├─┬ is-data-descriptor@0.1.4
40 silly currentTree │ │ └── kind-of@3.2.2
40 silly currentTree │ ├── is-descriptor@0.1.6
40 silly currentTree │ └── kind-of@5.1.0
40 silly currentTree ├── statuses@1.3.1
40 silly currentTree ├── stream-combiner@0.0.4
40 silly currentTree ├── stream-consume@0.1.1
40 silly currentTree ├── stream-counter@1.0.0
40 silly currentTree ├── stream-shift@1.0.0
40 silly currentTree ├── stream-throttle@0.1.3
40 silly currentTree ├── stream-to-array@2.3.0
40 silly currentTree ├── streamfilter@1.0.7
40 silly currentTree ├── string_decoder@1.0.3
40 silly currentTree ├── string-width@1.0.2
40 silly currentTree ├── stringmap@0.2.2
40 silly currentTree ├── stringset@0.2.1
40 silly currentTree ├── stringstream@0.0.5
40 silly currentTree ├── strip-ansi@3.0.1
40 silly currentTree ├── strip-bom-stream@1.0.0
40 silly currentTree ├── strip-bom@2.0.0
40 silly currentTree ├── strip-indent@1.0.1
40 silly currentTree ├── strip-json-comments@1.0.4
40 silly currentTree ├── supports-color@2.0.0
40 silly currentTree ├── tar@2.2.1
40 silly currentTree ├─┬ ternary-stream@1.2.3
40 silly currentTree │ ├── isarray@0.0.1
40 silly currentTree │ ├── merge-stream@0.1.8
40 silly currentTree │ ├── readable-stream@1.0.34
40 silly currentTree │ ├── string_decoder@0.10.31
40 silly currentTree │ └── through2@0.6.5
40 silly currentTree ├── text-hex@0.0.0
40 silly currentTree ├── text-table@0.2.0
40 silly currentTree ├── textextensions@1.0.2
40 silly currentTree ├── tfunk@3.1.0
40 silly currentTree ├── through@2.3.8
40 silly currentTree ├── through2-filter@2.0.0
40 silly currentTree ├── through2@2.0.3
40 silly currentTree ├── tildify@1.2.0
40 silly currentTree ├── time-stamp@1.1.0
40 silly currentTree ├─┬ timers-ext@0.1.2
40 silly currentTree │ └── next-tick@1.0.0
40 silly currentTree ├── tmp@0.0.24
40 silly currentTree ├─┬ to-absolute-glob@0.1.1
40 silly currentTree │ └── extend-shallow@2.0.1
40 silly currentTree ├── to-array@0.1.4
40 silly currentTree ├── to-object-path@0.3.0
40 silly currentTree ├─┬ to-regex-range@2.1.1
40 silly currentTree │ └── is-number@3.0.0
40 silly currentTree ├── to-regex@3.0.2
40 silly currentTree ├── toposort@0.2.12
40 silly currentTree ├── tough-cookie@2.3.4
40 silly currentTree ├── trim-newlines@1.0.0
40 silly currentTree ├── tryor@0.1.2
40 silly currentTree ├── tunnel-agent@0.6.0
40 silly currentTree ├── tweetnacl@0.14.5
40 silly currentTree ├── type-check@0.3.2
40 silly currentTree ├── typedarray@0.0.6
40 silly currentTree ├── ua-parser-js@0.7.12
40 silly currentTree ├─┬ uglify-js@2.8.29
40 silly currentTree │ ├── cliui@2.1.0
40 silly currentTree │ ├── window-size@0.1.0
40 silly currentTree │ ├── wordwrap@0.0.2
40 silly currentTree │ └── yargs@3.10.0
40 silly currentTree ├── uglify-save-license@0.4.1
40 silly currentTree ├── uglify-to-browserify@1.0.2
40 silly currentTree ├── ultron@1.0.2
40 silly currentTree ├── unc-path-regex@0.1.2
40 silly currentTree ├── underscore@1.7.0
40 silly currentTree ├─┬ union-value@1.0.0
40 silly currentTree │ ├── extend-shallow@2.0.1
40 silly currentTree │ └── set-value@0.4.3
40 silly currentTree ├── unique-stream@1.0.0
40 silly currentTree ├── universalify@0.1.1
40 silly currentTree ├── unpipe@1.0.0
40 silly currentTree ├─┬ unset-value@1.0.0
40 silly currentTree │ ├─┬ has-value@0.3.1
40 silly currentTree │ │ └── isobject@2.1.0
40 silly currentTree │ ├── has-values@0.1.4
40 silly currentTree │ └── isobject@3.0.1
40 silly currentTree ├── untildify@2.1.0
40 silly currentTree ├── urix@0.1.0
40 silly currentTree ├─┬ use@2.0.2
40 silly currentTree │ ├── define-property@0.2.5
40 silly currentTree │ ├─┬ is-accessor-descriptor@0.1.6
40 silly currentTree │ │ └── kind-of@3.2.2
40 silly currentTree │ ├─┬ is-data-descriptor@0.1.4
40 silly currentTree │ │ └── kind-of@3.2.2
40 silly currentTree │ ├── is-descriptor@0.1.6
40 silly currentTree │ ├── isobject@3.0.1
40 silly currentTree │ └── kind-of@5.1.0
40 silly currentTree ├── user-home@1.1.1
40 silly currentTree ├── util-deprecate@1.0.2
40 silly currentTree ├── utils-merge@1.0.0
40 silly currentTree ├── uuid@3.2.1
40 silly currentTree ├── v8flags@2.1.1
40 silly currentTree ├── vali-date@1.0.0
40 silly currentTree ├── validate-npm-package-license@3.0.3
40 silly currentTree ├─┬ verror@1.10.0
40 silly currentTree │ └── assert-plus@1.0.0
40 silly currentTree ├─┬ vinyl-bufferstream@1.0.1
40 silly currentTree │ ├── bufferstreams@1.0.1
40 silly currentTree │ ├── isarray@0.0.1
40 silly currentTree │ ├── readable-stream@1.1.14
40 silly currentTree │ └── string_decoder@0.10.31
40 silly currentTree ├─┬ vinyl-file@1.3.0
40 silly currentTree │ └── vinyl@1.2.0
40 silly currentTree ├─┬ vinyl-fs@0.3.14
40 silly currentTree │ ├── clone@0.2.0
40 silly currentTree │ ├── graceful-fs@3.0.11
40 silly currentTree │ ├── isarray@0.0.1
40 silly currentTree │ ├── minimist@0.0.8
40 silly currentTree │ ├── mkdirp@0.5.1
40 silly currentTree │ ├── readable-stream@1.0.34
40 silly currentTree │ ├── string_decoder@0.10.31
40 silly currentTree │ ├── strip-bom@1.0.0
40 silly currentTree │ ├── through2@0.6.5
40 silly currentTree │ └── vinyl@0.4.6
40 silly currentTree ├── vinyl-sourcemaps-apply@0.2.1
40 silly currentTree ├── vinyl@0.5.3
40 silly currentTree ├── weinre@2.0.0-pre-I0Z7U9OV
40 silly currentTree ├── which-module@1.0.0
40 silly currentTree ├── which@1.3.0
40 silly currentTree ├── wide-align@1.1.2
40 silly currentTree ├── window-size@0.1.4
40 silly currentTree ├── wiredep-cli@0.1.0
40 silly currentTree ├── wiredep@4.0.0
40 silly currentTree ├── wordwrap@0.0.3
40 silly currentTree ├── wrap-ansi@2.1.0
40 silly currentTree ├── wrap-promise@1.0.1
40 silly currentTree ├── wrappy@1.0.2
40 silly currentTree ├── wrench@1.5.9
40 silly currentTree ├─┬ write@0.2.1
40 silly currentTree │ ├── minimist@0.0.8
40 silly currentTree │ └── mkdirp@0.5.1
40 silly currentTree ├── ws@1.1.1
40 silly currentTree ├── wtf-8@1.0.0
40 silly currentTree ├── xml-escape@1.0.0
40 silly currentTree ├── xml2js@0.4.4
40 silly currentTree ├── xmlbuilder@9.0.7
40 silly currentTree ├── xmlhttprequest-ssl@1.5.3
40 silly currentTree ├── xtend@4.0.1
40 silly currentTree ├── y18n@3.2.1
40 silly currentTree ├── yallist@2.1.2
40 silly currentTree ├─┬ yargs-parser@4.2.1
40 silly currentTree │ └── camelcase@3.0.0
40 silly currentTree ├─┬ yargs@6.4.0
40 silly currentTree │ ├── camelcase@3.0.0
40 silly currentTree │ └── window-size@0.2.0
40 silly currentTree ├── yazl@2.4.3
40 silly currentTree └── yeast@0.1.2
41 silly idealTree blur_admin@1.3.1
41 silly idealTree ├── @types/jasmine@2.8.6
41 silly idealTree ├── @types/node@6.0.101
41 silly idealTree ├── @types/q@0.0.32
41 silly idealTree ├── @types/selenium-webdriver@2.53.37
41 silly idealTree ├── abbrev@1.1.1
41 silly idealTree ├── accepts@1.3.5
41 silly idealTree ├── acorn@2.6.4
41 silly idealTree ├── adm-zip@0.4.7
41 silly idealTree ├── after@0.8.1
41 silly idealTree ├─┬ agent-base@2.1.1
41 silly idealTree │ └── semver@5.0.3
41 silly idealTree ├── ajv@4.11.8
41 silly idealTree ├── align-text@0.1.4
41 silly idealTree ├── alter@0.2.0
41 silly idealTree ├── amdefine@1.0.1
41 silly idealTree ├── ansi-cyan@0.1.1
41 silly idealTree ├── ansi-escapes@1.4.0
41 silly idealTree ├── ansi-gray@0.1.1
41 silly idealTree ├── ansi-red@0.1.1
41 silly idealTree ├── ansi-regex@2.1.1
41 silly idealTree ├── ansi-styles@2.2.1
41 silly idealTree ├── ansi-wrap@0.1.0
41 silly idealTree ├── any-promise@1.3.0
41 silly idealTree ├── anymatch@1.3.2
41 silly idealTree ├── aproba@1.2.0
41 silly idealTree ├── archy@1.0.0
41 silly idealTree ├── are-we-there-yet@1.1.4
41 silly idealTree ├── argh@0.1.4
41 silly idealTree ├── argparse@1.0.10
41 silly idealTree ├── arr-diff@2.0.0
41 silly idealTree ├── arr-flatten@1.1.0
41 silly idealTree ├── arr-union@3.1.0
41 silly idealTree ├── array-differ@1.0.0
41 silly idealTree ├── array-each@1.0.1
41 silly idealTree ├── array-find-index@1.0.2
41 silly idealTree ├── array-slice@1.1.0
41 silly idealTree ├── array-union@1.0.2
41 silly idealTree ├── array-uniq@1.0.3
41 silly idealTree ├── array-unique@0.2.1
41 silly idealTree ├── arraybuffer.slice@0.0.6
41 silly idealTree ├── arrify@1.0.1
41 silly idealTree ├── asn1@0.2.3
41 silly idealTree ├── assert-plus@0.2.0
41 silly idealTree ├── assign-symbols@1.0.0
41 silly idealTree ├── async-each-series@0.1.1
41 silly idealTree ├── async-each@1.0.1
41 silly idealTree ├── async-foreach@0.1.3
41 silly idealTree ├── async@1.5.2
41 silly idealTree ├── asynckit@0.4.0
41 silly idealTree ├── atob@2.0.3
41 silly idealTree ├── autoprefixer@6.7.7
41 silly idealTree ├── aws-sign2@0.6.0
41 silly idealTree ├── aws4@1.6.0
41 silly idealTree ├── backo2@1.0.2
41 silly idealTree ├── balanced-match@1.0.0
41 silly idealTree ├─┬ base@0.11.2
41 silly idealTree │ ├── component-emitter@1.2.1
41 silly idealTree │ ├── define-property@1.0.0
41 silly idealTree │ └── isobject@3.0.1
41 silly idealTree ├── base64-arraybuffer@0.1.5
41 silly idealTree ├── base64id@0.1.0
41 silly idealTree ├── batch@0.5.3
41 silly idealTree ├── bcrypt-pbkdf@1.0.1
41 silly idealTree ├── beeper@1.1.1
41 silly idealTree ├── better-assert@1.0.2
41 silly idealTree ├── binary-extensions@1.11.0
41 silly idealTree ├── binaryextensions@1.0.1
41 silly idealTree ├── blob@0.0.4
41 silly idealTree ├── block-stream@0.0.9
41 silly idealTree ├── boom@2.10.1
41 silly idealTree ├── bower-config@1.4.1
41 silly idealTree ├── brace-expansion@1.1.11
41 silly idealTree ├── braces@1.8.5
41 silly idealTree ├── browser-sync-client@2.5.1
41 silly idealTree ├─┬ browser-sync-spa@1.0.3
41 silly idealTree │ └── connect-history-api-fallback@0.0.5
41 silly idealTree ├── browser-sync-ui@0.6.3
41 silly idealTree ├── browser-sync@2.18.13
41 silly idealTree ├── browserslist@1.7.7
41 silly idealTree ├── bs-recipes@1.3.4
41 silly idealTree ├── buffer-crc32@0.2.13
41 silly idealTree ├── bufferstreams@1.0.2
41 silly idealTree ├── builtin-modules@1.1.1
41 silly idealTree ├─┬ cache-base@1.0.1
41 silly idealTree │ ├── component-emitter@1.2.1
41 silly idealTree │ └── isobject@3.0.1
41 silly idealTree ├── callsite@1.0.0
41 silly idealTree ├─┬ camelcase-keys@2.1.0
41 silly idealTree │ └── camelcase@2.1.1
41 silly idealTree ├── camelcase@1.2.1
41 silly idealTree ├── caniuse-db@1.0.30000813
41 silly idealTree ├── caseless@0.12.0
41 silly idealTree ├─┬ center-align@0.1.3
41 silly idealTree │ └── lazy-cache@1.0.4
41 silly idealTree ├── chalk@1.1.3
41 silly idealTree ├── chokidar@1.7.0
41 silly idealTree ├── circular-json@0.3.3
41 silly idealTree ├─┬ class-utils@0.3.6
41 silly idealTree │ ├── define-property@0.2.5
41 silly idealTree │ ├─┬ is-accessor-descriptor@0.1.6
41 silly idealTree │ │ └── kind-of@3.2.2
41 silly idealTree │ ├─┬ is-data-descriptor@0.1.4
41 silly idealTree │ │ └── kind-of@3.2.2
41 silly idealTree │ ├── is-descriptor@0.1.6
41 silly idealTree │ ├── isobject@3.0.1
41 silly idealTree │ └── kind-of@5.1.0
41 silly idealTree ├─┬ clean-css@3.4.28
41 silly idealTree │ ├── commander@2.8.1
41 silly idealTree │ └── source-map@0.4.4
41 silly idealTree ├─┬ cli-color@1.1.0
41 silly idealTree │ └── d@0.1.1
41 silly idealTree ├── cli-cursor@1.0.2
41 silly idealTree ├── cli-width@1.1.1
41 silly idealTree ├── cliui@3.2.0
41 silly idealTree ├── clone-stats@0.0.1
41 silly idealTree ├── clone@1.0.3
41 silly idealTree ├── co@4.6.0
41 silly idealTree ├── code-point-at@1.1.0
41 silly idealTree ├── collection-visit@1.0.0
41 silly idealTree ├── color-convert@0.5.3
41 silly idealTree ├── color-name@1.1.3
41 silly idealTree ├── color-string@0.3.0
41 silly idealTree ├── color-support@1.1.3
41 silly idealTree ├── color@0.8.0
41 silly idealTree ├── colornames@0.0.2
41 silly idealTree ├── colorspace@1.0.1
41 silly idealTree ├── combined-stream@1.0.6
41 silly idealTree ├── commander@2.14.1
41 silly idealTree ├── component-bind@1.0.0
41 silly idealTree ├── component-emitter@1.1.2
41 silly idealTree ├── component-inherit@0.0.3
41 silly idealTree ├── concat-map@0.0.1
41 silly idealTree ├── concat-stream@1.6.1
41 silly idealTree ├─┬ concat-with-sourcemaps@1.0.5
41 silly idealTree │ └── source-map@0.6.1
41 silly idealTree ├── connect-history-api-fallback@1.5.0
41 silly idealTree ├── connect@3.5.0
41 silly idealTree ├── console-control-strings@1.1.0
41 silly idealTree ├── convert-source-map@1.5.1
41 silly idealTree ├── cookie@0.3.1
41 silly idealTree ├── copy-descriptor@0.1.1
41 silly idealTree ├── core-util-is@1.0.2
41 silly idealTree ├─┬ cross-spawn@3.0.1
41 silly idealTree │ └── lru-cache@4.1.1
41 silly idealTree ├── cryptiles@2.0.5
41 silly idealTree ├── currently-unhandled@0.4.1
41 silly idealTree ├── d@1.0.0
41 silly idealTree ├── dargs@4.1.0
41 silly idealTree ├─┬ dashdash@1.14.1
41 silly idealTree │ └── assert-plus@1.0.0
41 silly idealTree ├── dateformat@2.2.0
41 silly idealTree ├── debug@2.2.0
41 silly idealTree ├── decamelize@1.2.0
41 silly idealTree ├── decode-uri-component@0.2.0
41 silly idealTree ├── deep-is@0.1.3
41 silly idealTree ├── defaults@1.0.3
41 silly idealTree ├─┬ define-property@2.0.2
41 silly idealTree │ └── isobject@3.0.1
41 silly idealTree ├── del@2.2.2
41 silly idealTree ├── delayed-stream@1.0.0
41 silly idealTree ├── delegates@1.0.0
41 silly idealTree ├── depd@1.1.2
41 silly idealTree ├── deprecated@0.0.1
41 silly idealTree ├── destroy@1.0.4
41 silly idealTree ├── detect-file@1.0.0
41 silly idealTree ├── dev-ip@1.0.1
41 silly idealTree ├── diagnostics@1.0.1
41 silly idealTree ├─┬ doctrine@0.7.2
41 silly idealTree │ ├── esutils@1.1.6
41 silly idealTree │ └── isarray@0.0.1
41 silly idealTree ├─┬ dom-serializer@0.1.0
41 silly idealTree │ └── domelementtype@1.1.3
41 silly idealTree ├── domelementtype@1.3.0
41 silly idealTree ├── domhandler@2.4.1
41 silly idealTree ├── domutils@1.7.0
41 silly idealTree ├── duplexer@0.1.1
41 silly idealTree ├─┬ duplexer2@0.0.2
41 silly idealTree │ ├── isarray@0.0.1
41 silly idealTree │ ├── readable-stream@1.1.14
41 silly idealTree │ └── string_decoder@0.10.31
41 silly idealTree ├─┬ duplexify@3.5.4
41 silly idealTree │ └── end-of-stream@1.4.1
41 silly idealTree ├─┬ easy-extender@2.3.2
41 silly idealTree │ └── lodash@3.10.1
41 silly idealTree ├── eazy-logger@3.0.2
41 silly idealTree ├── ecc-jsbn@0.1.1
41 silly idealTree ├── ee-first@1.1.1
41 silly idealTree ├── electron-to-chromium@1.3.36
41 silly idealTree ├── emits@3.0.0
41 silly idealTree ├── emitter-steward@1.0.0
41 silly idealTree ├── enabled@1.0.2
41 silly idealTree ├── encodeurl@1.0.2
41 silly idealTree ├─┬ end-of-stream@0.1.5
41 silly idealTree │ └── once@1.3.3
41 silly idealTree ├─┬ engine.io-client@1.8.0
41 silly idealTree │ ├── component-emitter@1.2.1
41 silly idealTree │ ├── debug@2.3.3
41 silly idealTree │ └── ms@0.7.2
41 silly idealTree ├─┬ engine.io-parser@1.3.1
41 silly idealTree │ ├── has-binary@0.1.6
41 silly idealTree │ └── isarray@0.0.1
41 silly idealTree ├─┬ engine.io@1.8.0
41 silly idealTree │ ├── accepts@1.3.3
41 silly idealTree │ ├── debug@2.3.3
41 silly idealTree │ └── ms@0.7.2
41 silly idealTree ├── entities@1.1.1
41 silly idealTree ├── env-variable@0.0.4
41 silly idealTree ├── error-ex@1.3.1
41 silly idealTree ├── es5-ext@0.10.39
41 silly idealTree ├── es6-iterator@2.0.3
41 silly idealTree ├── es6-map@0.1.5
41 silly idealTree ├── es6-promise@2.3.0
41 silly idealTree ├── es6-set@0.1.5
41 silly idealTree ├── es6-symbol@3.1.1
41 silly idealTree ├── es6-weak-map@2.0.2
41 silly idealTree ├── escape-html@1.0.3
41 silly idealTree ├── escape-string-regexp@1.0.5
41 silly idealTree ├── escope@3.6.0
41 silly idealTree ├── eslint-plugin-angular@0.12.0
41 silly idealTree ├─┬ eslint@1.10.3
41 silly idealTree │ ├── espree@2.2.5
41 silly idealTree │ ├── glob@5.0.15
41 silly idealTree │ ├── minimist@0.0.8
41 silly idealTree │ ├── mkdirp@0.5.1
41 silly idealTree │ └── user-home@2.0.0
41 silly idealTree ├── esprima@1.2.5
41 silly idealTree ├── esrecurse@4.2.1
41 silly idealTree ├── estraverse-fb@1.3.2
41 silly idealTree ├── estraverse@4.2.0
41 silly idealTree ├── esutils@2.0.2
41 silly idealTree ├── etag@1.8.1
41 silly idealTree ├── event-emitter@0.3.5
41 silly idealTree ├── event-stream@3.3.4
41 silly idealTree ├── eventemitter3@1.2.0
41 silly idealTree ├── exit-hook@1.1.1
41 silly idealTree ├── exit@0.1.2
41 silly idealTree ├── expand-brackets@0.1.5
41 silly idealTree ├── expand-range@1.8.2
41 silly idealTree ├── expand-tilde@2.0.2
41 silly idealTree ├─┬ express@2.5.11
41 silly idealTree │ ├── connect@1.9.2
41 silly idealTree │ └── qs@0.4.2
41 silly idealTree ├─┬ extend-shallow@3.0.2
41 silly idealTree │ └── is-extendable@1.0.1
41 silly idealTree ├── extend@3.0.1
41 silly idealTree ├── extglob@0.3.2
41 silly idealTree ├── extsprintf@1.3.0
41 silly idealTree ├── fancy-log@1.3.2
41 silly idealTree ├── fast-levenshtein@1.0.7
41 silly idealTree ├── figures@1.7.0
41 silly idealTree ├── file-entry-cache@1.3.1
41 silly idealTree ├── filename-regex@2.0.1
41 silly idealTree ├── fill-range@2.2.3
41 silly idealTree ├── finalhandler@0.5.0
41 silly idealTree ├── find-index@0.1.1
41 silly idealTree ├── find-up@1.1.2
41 silly idealTree ├─┬ findup-sync@2.0.0
41 silly idealTree │ ├── arr-diff@4.0.0
41 silly idealTree │ ├── array-unique@0.3.2
41 silly idealTree │ ├─┬ braces@2.3.1
41 silly idealTree │ │ ├── define-property@1.0.0
41 silly idealTree │ │ └── extend-shallow@2.0.1
41 silly idealTree │ ├── debug@2.6.9
41 silly idealTree │ ├─┬ expand-brackets@2.1.4
41 silly idealTree │ │ ├── define-property@0.2.5
41 silly idealTree │ │ ├── extend-shallow@2.0.1
41 silly idealTree │ │ ├── is-descriptor@0.1.6
41 silly idealTree │ │ └── kind-of@5.1.0
41 silly idealTree │ ├─┬ extglob@2.0.4
41 silly idealTree │ │ ├── define-property@1.0.0
41 silly idealTree │ │ └── extend-shallow@2.0.1
41 silly idealTree │ ├─┬ fill-range@4.0.0
41 silly idealTree │ │ └── extend-shallow@2.0.1
41 silly idealTree │ ├─┬ is-accessor-descriptor@0.1.6
41 silly idealTree │ │ └── kind-of@3.2.2
41 silly idealTree │ ├─┬ is-data-descriptor@0.1.4
41 silly idealTree │ │ └── kind-of@3.2.2
41 silly idealTree │ ├── is-extglob@2.1.1
41 silly idealTree │ ├── is-glob@3.1.0
41 silly idealTree │ ├─┬ is-number@3.0.0
41 silly idealTree │ │ └── kind-of@3.2.2
41 silly idealTree │ ├── isobject@3.0.1
41 silly idealTree │ ├── kind-of@6.0.2
41 silly idealTree │ ├── micromatch@3.1.9
41 silly idealTree │ └── ms@2.0.0
41 silly idealTree ├── fined@1.1.0
41 silly idealTree ├── first-chunk-stream@1.0.0
41 silly idealTree ├── flagged-respawn@1.0.0
41 silly idealTree ├── flat-cache@1.3.0
41 silly idealTree ├── for-in@1.0.2
41 silly idealTree ├── for-own@0.1.5
41 silly idealTree ├── forever-agent@0.6.1
41 silly idealTree ├── fork-stream@0.0.4
41 silly idealTree ├── form-data@2.1.4
41 silly idealTree ├── formidable@1.0.17
41 silly idealTree ├── fragment-cache@0.2.1
41 silly idealTree ├── fresh@0.3.0
41 silly idealTree ├── from@0.1.7
41 silly idealTree ├── fs-exists-sync@0.1.0
41 silly idealTree ├── fs-extra@3.0.1
41 silly idealTree ├── fs.realpath@1.0.0
41 silly idealTree ├─┬ fstream@1.0.11
41 silly idealTree │ ├── minimist@0.0.8
41 silly idealTree │ └── mkdirp@0.5.1
41 silly idealTree ├── gauge@2.7.4
41 silly idealTree ├── gaze@0.5.2
41 silly idealTree ├── generate-function@2.0.0
41 silly idealTree ├── generate-object-property@1.2.0
41 silly idealTree ├── get-caller-file@1.0.2
41 silly idealTree ├── get-stdin@4.0.1
41 silly idealTree ├── get-value@2.0.6
41 silly idealTree ├─┬ getpass@0.1.7
41 silly idealTree │ └── assert-plus@1.0.0
41 silly idealTree ├── gift@0.6.1
41 silly idealTree ├── glob-base@0.3.0
41 silly idealTree ├── glob-parent@2.0.0
41 silly idealTree ├─┬ glob-stream@3.1.18
41 silly idealTree │ ├── glob@4.5.3
41 silly idealTree │ ├── isarray@0.0.1
41 silly idealTree │ ├── minimatch@2.0.10
41 silly idealTree │ ├── readable-stream@1.0.34
41 silly idealTree │ ├── string_decoder@0.10.31
41 silly idealTree │ └── through2@0.6.5
41 silly idealTree ├── glob-watcher@0.0.6
41 silly idealTree ├── glob@7.1.2
41 silly idealTree ├── glob2base@0.0.12
41 silly idealTree ├── global-modules@1.0.0
41 silly idealTree ├── global-prefix@1.0.2
41 silly idealTree ├── globals@8.18.0
41 silly idealTree ├── globby@5.0.0
41 silly idealTree ├─┬ globule@0.1.0
41 silly idealTree │ ├── glob@3.1.21
41 silly idealTree │ ├── graceful-fs@1.2.3
41 silly idealTree │ ├── inherits@1.0.2
41 silly idealTree │ ├── lodash@1.0.2
41 silly idealTree │ └── minimatch@0.2.14
41 silly idealTree ├── glogg@1.0.1
41 silly idealTree ├── graceful-fs@4.1.11
41 silly idealTree ├── graceful-readlink@1.0.1
41 silly idealTree ├─┬ group-array@0.3.3
41 silly idealTree │ ├── extend-shallow@2.0.1
41 silly idealTree │ ├── set-value@0.4.3
41 silly idealTree │ ├── split-string@1.0.1
41 silly idealTree │ └── union-value@0.2.4
41 silly idealTree ├── gulp-angular-filesort@1.1.1
41 silly idealTree ├─┬ gulp-angular-templatecache@2.0.0
41 silly idealTree │ ├── dateformat@1.0.12
41 silly idealTree │ ├── event-stream@3.3.2
41 silly idealTree │ ├── gulp-util@3.0.7
41 silly idealTree │ └── object-assign@3.0.0
41 silly idealTree ├── gulp-autoprefixer@3.1.1
41 silly idealTree ├─┬ gulp-concat@2.6.0
41 silly idealTree │ ├── isarray@0.0.1
41 silly idealTree │ ├── readable-stream@1.0.34
41 silly idealTree │ ├── string_decoder@0.10.31
41 silly idealTree │ └── through2@0.6.5
41 silly idealTree ├─┬ gulp-eslint@1.0.0
41 silly idealTree │ └── object-assign@3.0.0
41 silly idealTree ├── gulp-filter@4.0.0
41 silly idealTree ├── gulp-flatten@0.3.1
41 silly idealTree ├── gulp-footer@1.0.5
41 silly idealTree ├─┬ gulp-gh-pages@0.5.4
41 silly idealTree │ ├── glob-parent@3.1.0
41 silly idealTree │ ├─┬ glob-stream@5.3.5
41 silly idealTree │ │ ├── readable-stream@1.0.34
41 silly idealTree │ │ └── through2@0.6.5
41 silly idealTree │ ├── glob@5.0.15
41 silly idealTree │ ├── is-extglob@2.1.1
41 silly idealTree │ ├── is-glob@3.1.0
41 silly idealTree │ ├── isarray@0.0.1
41 silly idealTree │ ├── minimist@0.0.8
41 silly idealTree │ ├── mkdirp@0.5.1
41 silly idealTree │ ├── ordered-read-streams@0.3.0
41 silly idealTree │ ├── string_decoder@0.10.31
41 silly idealTree │ ├── unique-stream@2.2.1
41 silly idealTree │ ├── vinyl-fs@2.4.4
41 silly idealTree │ └── vinyl@1.2.0
41 silly idealTree ├── gulp-header@1.8.2
41 silly idealTree ├─┬ gulp-if@1.2.5
41 silly idealTree │ ├── isarray@0.0.1
41 silly idealTree │ ├── readable-stream@1.0.34
41 silly idealTree │ ├── string_decoder@0.10.31
41 silly idealTree │ └── through2@0.6.5
41 silly idealTree ├── gulp-inject@4.1.0
41 silly idealTree ├─┬ gulp-load-plugins@1.4.0
41 silly idealTree │ ├── detect-file@0.1.0
41 silly idealTree │ ├── expand-tilde@1.2.2
41 silly idealTree │ ├── findup-sync@0.4.3
41 silly idealTree │ ├── global-modules@0.2.3
41 silly idealTree │ ├── global-prefix@0.1.5
41 silly idealTree │ ├── is-windows@0.2.0
41 silly idealTree │ └── resolve-dir@0.1.1
41 silly idealTree ├─┬ gulp-match@0.2.1
41 silly idealTree │ └── minimatch@1.0.0
41 silly idealTree ├── gulp-minify-css@1.2.4
41 silly idealTree ├─┬ gulp-minify-html@1.0.6
41 silly idealTree │ ├── isarray@0.0.1
41 silly idealTree │ ├── readable-stream@1.0.34
41 silly idealTree │ ├── string_decoder@0.10.31
41 silly idealTree │ └── through2@0.6.5
41 silly idealTree ├─┬ gulp-ng-annotate@2.0.0
41 silly idealTree │ └── bufferstreams@1.1.3
41 silly idealTree ├─┬ gulp-prompt@0.2.0
41 silly idealTree │ ├── event-stream@3.0.20
41 silly idealTree │ ├── inquirer@0.10.1
41 silly idealTree │ ├── lodash@3.10.1
41 silly idealTree │ ├── map-stream@0.0.7
41 silly idealTree │ └── split@0.2.10
41 silly idealTree ├── gulp-protractor@3.0.0
41 silly idealTree ├── gulp-rename@1.2.2
41 silly idealTree ├── gulp-replace@0.5.4
41 silly idealTree ├── gulp-rev-replace@0.4.4
41 silly idealTree ├── gulp-rev@7.1.2
41 silly idealTree ├─┬ gulp-sass@2.3.2
41 silly idealTree │ └── lodash.clonedeep@4.5.0
41 silly idealTree ├── gulp-shell@0.5.2
41 silly idealTree ├── gulp-size@2.1.0
41 silly idealTree ├─┬ gulp-sourcemaps@1.6.0
41 silly idealTree │ └── vinyl@1.2.0
41 silly idealTree ├─┬ gulp-uglify@2.0.1
41 silly idealTree │ ├── async@0.2.10
41 silly idealTree │ ├── cliui@2.1.0
41 silly idealTree │ ├── uglify-js@2.7.5
41 silly idealTree │ ├── window-size@0.1.0
41 silly idealTree │ ├── wordwrap@0.0.2
41 silly idealTree │ └── yargs@3.10.0
41 silly idealTree ├─┬ gulp-useref@1.3.0
41 silly idealTree │ ├── clone@0.2.0
41 silly idealTree │ ├── glob-stream@4.1.1
41 silly idealTree │ ├── glob-watcher@0.0.8
41 silly idealTree │ ├── glob@4.5.3
41 silly idealTree │ ├── graceful-fs@3.0.11
41 silly idealTree │ ├── isarray@0.0.1
41 silly idealTree │ ├── lodash@3.10.1
41 silly idealTree │ ├── merge-stream@0.1.8
41 silly idealTree │ ├── minimatch@2.0.10
41 silly idealTree │ ├── minimist@0.0.8
41 silly idealTree │ ├── mkdirp@0.5.1
41 silly idealTree │ ├── object-assign@2.1.1
41 silly idealTree │ ├── readable-stream@1.0.34
41 silly idealTree │ ├── string_decoder@0.10.31
41 silly idealTree │ ├── strip-bom@1.0.0
41 silly idealTree │ ├── through2@0.6.5
41 silly idealTree │ ├── unique-stream@2.2.1
41 silly idealTree │ ├── vinyl-fs@1.0.0
41 silly idealTree │ └── vinyl@0.4.6
41 silly idealTree ├─┬ gulp-util@3.0.8
41 silly idealTree │ └── object-assign@3.0.0
41 silly idealTree ├── gulp-zip@3.2.0
41 silly idealTree ├─┬ gulp@3.9.1
41 silly idealTree │ └── semver@4.3.6
41 silly idealTree ├── gulplog@1.0.0
41 silly idealTree ├── gzip-size@3.0.0
41 silly idealTree ├─┬ handlebars@4.0.11
41 silly idealTree │ └── source-map@0.4.4
41 silly idealTree ├── har-schema@1.0.5
41 silly idealTree ├── har-validator@4.2.1
41 silly idealTree ├── has-ansi@2.0.0
41 silly idealTree ├─┬ has-binary@0.1.7
41 silly idealTree │ └── isarray@0.0.1
41 silly idealTree ├── has-cors@1.1.0
41 silly idealTree ├── has-flag@1.0.0
41 silly idealTree ├── has-gulplog@0.1.0
41 silly idealTree ├── has-unicode@2.0.1
41 silly idealTree ├─┬ has-value@1.0.0
41 silly idealTree │ └── isobject@3.0.1
41 silly idealTree ├─┬ has-values@1.0.0
41 silly idealTree │ ├─┬ is-number@3.0.0
41 silly idealTree │ │ └── kind-of@3.2.2
41 silly idealTree │ └── kind-of@4.0.0
41 silly idealTree ├── hawk@3.1.3
41 silly idealTree ├── hoek@2.16.3
41 silly idealTree ├── homedir-polyfill@1.0.1
41 silly idealTree ├── hosted-git-info@2.5.0
41 silly idealTree ├── htmlparser2@3.9.2
41 silly idealTree ├── http-errors@1.5.1
41 silly idealTree ├─┬ http-proxy-middleware@0.17.4
41 silly idealTree │ ├── http-proxy@1.16.2
41 silly idealTree │ ├── is-extglob@2.1.1
41 silly idealTree │ └── is-glob@3.1.0
41 silly idealTree ├── http-proxy@1.15.2
41 silly idealTree ├── http-signature@1.1.1
41 silly idealTree ├── https-proxy-agent@1.0.0
41 silly idealTree ├── immutable@3.8.1
41 silly idealTree ├── in-publish@2.0.0
41 silly idealTree ├── indent-string@2.1.0
41 silly idealTree ├── indexof@0.0.1
41 silly idealTree ├── inflight@1.0.6
41 silly idealTree ├── inherits@2.0.3
41 silly idealTree ├── ini@1.3.5
41 silly idealTree ├─┬ inquirer@0.11.4
41 silly idealTree │ └── lodash@3.10.1
41 silly idealTree ├── interpret@1.1.0
41 silly idealTree ├── invert-kv@1.0.0
41 silly idealTree ├── is-absolute-url@1.0.0
41 silly idealTree ├── is-absolute@1.0.0
41 silly idealTree ├─┬ is-accessor-descriptor@1.0.0
41 silly idealTree │ └── kind-of@6.0.2
41 silly idealTree ├── is-arrayish@0.2.1
41 silly idealTree ├── is-binary-path@1.0.1
41 silly idealTree ├── is-buffer@1.1.6
41 silly idealTree ├── is-builtin-module@1.0.0
41 silly idealTree ├─┬ is-data-descriptor@1.0.0
41 silly idealTree │ └── kind-of@6.0.2
41 silly idealTree ├─┬ is-descriptor@1.0.2
41 silly idealTree │ └── kind-of@6.0.2
41 silly idealTree ├── is-dotfile@1.0.3
41 silly idealTree ├── is-equal-shallow@0.1.3
41 silly idealTree ├── is-extendable@0.1.1
41 silly idealTree ├── is-extglob@1.0.0
41 silly idealTree ├── is-finite@1.0.2
41 silly idealTree ├── is-fullwidth-code-point@1.0.0
41 silly idealTree ├── is-glob@2.0.1
41 silly idealTree ├── is-my-ip-valid@1.0.0
41 silly idealTree ├── is-my-json-valid@2.17.2
41 silly idealTree ├── is-number-like@1.0.8
41 silly idealTree ├── is-number@2.1.0
41 silly idealTree ├─┬ is-odd@2.0.0
41 silly idealTree │ └── is-number@4.0.0
41 silly idealTree ├── is-path-cwd@1.0.0
41 silly idealTree ├── is-path-in-cwd@1.0.0
41 silly idealTree ├── is-path-inside@1.0.1
41 silly idealTree ├── is-plain-obj@1.1.0
41 silly idealTree ├─┬ is-plain-object@2.0.4
41 silly idealTree │ └── isobject@3.0.1
41 silly idealTree ├── is-posix-bracket@0.1.1
41 silly idealTree ├── is-primitive@2.0.0
41 silly idealTree ├── is-property@1.0.2
41 silly idealTree ├── is-relative-url@1.0.0
41 silly idealTree ├── is-relative@1.0.0
41 silly idealTree ├── is-resolvable@1.1.0
41 silly idealTree ├── is-stream@1.1.0
41 silly idealTree ├── is-typedarray@1.0.0
41 silly idealTree ├── is-unc-path@1.0.0
41 silly idealTree ├── is-utf8@0.2.1
41 silly idealTree ├── is-valid-glob@0.3.0
41 silly idealTree ├── is-windows@1.0.2
41 silly idealTree ├── isarray@1.0.0
41 silly idealTree ├── isexe@2.0.0
41 silly idealTree ├── isobject@2.1.0
41 silly idealTree ├── isstream@0.1.2
41 silly idealTree ├── istextorbinary@1.0.2
41 silly idealTree ├── jasmine-core@2.4.1
41 silly idealTree ├─┬ jasmine@2.4.1
41 silly idealTree │ ├── glob@3.2.11
41 silly idealTree │ └── minimatch@0.3.0
41 silly idealTree ├── jasminewd2@0.0.10
41 silly idealTree ├── js-base64@2.4.3
41 silly idealTree ├─┬ js-yaml@3.4.5
41 silly idealTree │ └── esprima@2.7.3
41 silly idealTree ├── jsbn@0.1.1
41 silly idealTree ├── jsesc@2.2.0
41 silly idealTree ├── json-schema@0.2.3
41 silly idealTree ├── json-stable-stringify@1.0.1
41 silly idealTree ├── json-stringify-safe@5.0.1
41 silly idealTree ├── json3@3.3.2
41 silly idealTree ├── jsonfile@3.0.1
41 silly idealTree ├── jsonify@0.0.0
41 silly idealTree ├── jsonpointer@4.0.1
41 silly idealTree ├─┬ jsprim@1.4.1
41 silly idealTree │ └── assert-plus@1.0.0
41 silly idealTree ├── kind-of@3.2.2
41 silly idealTree ├── kuler@0.0.0
41 silly idealTree ├── lazy-cache@2.0.2
41 silly idealTree ├── lazystream@1.0.0
41 silly idealTree ├── lcid@1.0.0
41 silly idealTree ├── levn@0.2.5
41 silly idealTree ├── liftoff@2.5.0
41 silly idealTree ├── limiter@1.1.2
41 silly idealTree ├── load-json-file@1.1.0
41 silly idealTree ├─┬ localtunnel@1.8.3
41 silly idealTree │ ├── debug@2.6.8
41 silly idealTree │ ├── ms@2.0.0
41 silly idealTree │ └── yargs@3.29.0
41 silly idealTree ├── lodash._arraycopy@3.0.0
41 silly idealTree ├── lodash._arrayeach@3.0.0
41 silly idealTree ├── lodash._arraymap@3.0.0
41 silly idealTree ├── lodash._baseassign@3.2.0
41 silly idealTree ├── lodash._baseclone@3.3.0
41 silly idealTree ├── lodash._basecopy@3.0.1
41 silly idealTree ├── lodash._basedifference@3.0.3
41 silly idealTree ├── lodash._baseflatten@3.1.4
41 silly idealTree ├── lodash._basefor@3.0.3
41 silly idealTree ├── lodash._baseindexof@3.1.0
41 silly idealTree ├── lodash._basetostring@3.0.1
41 silly idealTree ├── lodash._basevalues@3.0.0
41 silly idealTree ├── lodash._bindcallback@3.0.1
41 silly idealTree ├── lodash._cacheindexof@3.0.2
41 silly idealTree ├── lodash._createassigner@3.1.1
41 silly idealTree ├── lodash._createcache@3.1.2
41 silly idealTree ├── lodash._getnative@3.9.1
41 silly idealTree ├── lodash._isiterateecall@3.0.9
41 silly idealTree ├── lodash._pickbyarray@3.0.2
41 silly idealTree ├── lodash._pickbycallback@3.0.0
41 silly idealTree ├── lodash._reescape@3.0.0
41 silly idealTree ├── lodash._reevaluate@3.0.0
41 silly idealTree ├── lodash._reinterpolate@3.0.0
41 silly idealTree ├── lodash._root@3.0.1
41 silly idealTree ├── lodash.assign@4.2.0
41 silly idealTree ├── lodash.clonedeep@3.0.2
41 silly idealTree ├── lodash.escape@3.2.0
41 silly idealTree ├── lodash.isarguments@3.1.0
41 silly idealTree ├── lodash.isarray@3.0.4
41 silly idealTree ├── lodash.isequal@4.5.0
41 silly idealTree ├── lodash.isfinite@3.3.2
41 silly idealTree ├── lodash.isplainobject@3.2.0
41 silly idealTree ├── lodash.istypedarray@3.0.6
41 silly idealTree ├── lodash.keys@3.1.2
41 silly idealTree ├── lodash.keysin@3.0.8
41 silly idealTree ├── lodash.merge@3.3.2
41 silly idealTree ├── lodash.omit@3.1.0
41 silly idealTree ├── lodash.restparam@3.6.1
41 silly idealTree ├── lodash.template@3.6.2
41 silly idealTree ├── lodash.templatesettings@3.1.1
41 silly idealTree ├── lodash.toplainobject@3.0.0
41 silly idealTree ├── lodash@4.17.5
41 silly idealTree ├── longest@1.0.1
41 silly idealTree ├── loud-rejection@1.6.0
41 silly idealTree ├── lru-cache@2.7.3
41 silly idealTree ├── lru-queue@0.1.0
41 silly idealTree ├─┬ main-bower-files@2.13.1
41 silly idealTree │ ├── extend@2.0.1
41 silly idealTree │ ├── glob-parent@3.1.0
41 silly idealTree │ ├─┬ glob-stream@5.3.5
41 silly idealTree │ │ ├── extend@3.0.1
41 silly idealTree │ │ ├── readable-stream@1.0.34
41 silly idealTree │ │ └── through2@0.6.5
41 silly idealTree │ ├── glob@5.0.15
41 silly idealTree │ ├── globby@2.1.0
41 silly idealTree │ ├── is-extglob@2.1.1
41 silly idealTree │ ├── is-glob@3.1.0
41 silly idealTree │ ├── isarray@0.0.1
41 silly idealTree │ ├── minimist@0.0.8
41 silly idealTree │ ├── mkdirp@0.5.1
41 silly idealTree │ ├── object-assign@3.0.0
41 silly idealTree │ ├── ordered-read-streams@0.3.0
41 silly idealTree │ ├── path-exists@1.0.0
41 silly idealTree │ ├── string_decoder@0.10.31
41 silly idealTree │ ├── unique-stream@2.2.1
41 silly idealTree │ ├─┬ vinyl-fs@2.4.4
41 silly idealTree │ │ └── object-assign@4.1.1
41 silly idealTree │ └── vinyl@1.2.0
41 silly idealTree ├── make-error-cause@1.2.2
41 silly idealTree ├── make-error@1.3.4
41 silly idealTree ├── make-iterator@1.0.0
41 silly idealTree ├── map-cache@0.2.2
41 silly idealTree ├── map-obj@1.0.1
41 silly idealTree ├── map-stream@0.1.0
41 silly idealTree ├── map-visit@1.0.0
41 silly idealTree ├─┬ memoizee@0.3.10
41 silly idealTree │ ├── d@0.1.1
41 silly idealTree │ ├── es6-iterator@0.1.3
41 silly idealTree │ ├── es6-symbol@2.0.1
41 silly idealTree │ └── es6-weak-map@0.1.4
41 silly idealTree ├── meow@3.7.0
41 silly idealTree ├── merge-stream@1.0.1
41 silly idealTree ├── merge@1.2.0
41 silly idealTree ├── micromatch@2.3.11
41 silly idealTree ├── mime-db@1.33.0
41 silly idealTree ├── mime-types@2.1.18
41 silly idealTree ├── mime@1.2.4
41 silly idealTree ├── minimatch@3.0.4
41 silly idealTree ├── minimist@1.2.0
41 silly idealTree ├─┬ minimize@1.8.1
41 silly idealTree │ └── node-uuid@1.4.8
41 silly idealTree ├─┬ mixin-deep@1.3.1
41 silly idealTree │ └── is-extendable@1.0.1
41 silly idealTree ├── mkdirp@0.3.0
41 silly idealTree ├── modify-filename@1.1.0
41 silly idealTree ├── mout@1.1.0
41 silly idealTree ├── ms@0.7.1
41 silly idealTree ├── multimatch@2.1.0
41 silly idealTree ├── multipipe@0.1.2
41 silly idealTree ├── mute-stream@0.0.5
41 silly idealTree ├── nan@2.9.2
41 silly idealTree ├─┬ nanomatch@1.2.9
41 silly idealTree │ ├── arr-diff@4.0.0
41 silly idealTree │ ├── array-unique@0.3.2
41 silly idealTree │ └── kind-of@6.0.2
41 silly idealTree ├── natives@1.1.1
41 silly idealTree ├── negotiator@0.6.1
41 silly idealTree ├── next-tick@0.2.2
41 silly idealTree ├─┬ ng-annotate@1.2.2
41 silly idealTree │ └── convert-source-map@1.1.3
41 silly idealTree ├─┬ ng-dependencies@0.2.0
41 silly idealTree │ ├── estraverse@1.9.3
41 silly idealTree │ └── lodash@3.10.1
41 silly idealTree ├─┬ node-gyp@3.6.2
41 silly idealTree │ ├── minimist@0.0.8
41 silly idealTree │ ├── mkdirp@0.5.1
41 silly idealTree │ └── semver@5.3.0
41 silly idealTree ├─┬ node-sass@3.13.1
41 silly idealTree │ ├── gaze@1.1.2
41 silly idealTree │ ├── globule@1.2.0
41 silly idealTree │ ├── lodash.clonedeep@4.5.0
41 silly idealTree │ ├── minimist@0.0.8
41 silly idealTree │ └── mkdirp@0.5.1
41 silly idealTree ├── node-useref@0.3.15
41 silly idealTree ├── nopt@3.0.6
41 silly idealTree ├── normalize-package-data@2.4.0
41 silly idealTree ├── normalize-path@2.1.1
41 silly idealTree ├── normalize-range@0.1.2
41 silly idealTree ├── npmlog@4.1.2
41 silly idealTree ├── num2fraction@1.2.2
41 silly idealTree ├── number-is-nan@1.0.1
41 silly idealTree ├── oauth-sign@0.8.2
41 silly idealTree ├── object-assign@4.1.1
41 silly idealTree ├── object-component@0.0.3
41 silly idealTree ├─┬ object-copy@0.1.0
41 silly idealTree │ ├── define-property@0.2.5
41 silly idealTree │ ├── is-accessor-descriptor@0.1.6
41 silly idealTree │ ├── is-data-descriptor@0.1.4
41 silly idealTree │ └─┬ is-descriptor@0.1.6
41 silly idealTree │   └── kind-of@5.1.0
41 silly idealTree ├── object-path@0.9.2
41 silly idealTree ├─┬ object-visit@1.0.1
41 silly idealTree │ └── isobject@3.0.1
41 silly idealTree ├─┬ object.defaults@1.1.0
41 silly idealTree │ ├── for-own@1.0.0
41 silly idealTree │ └── isobject@3.0.1
41 silly idealTree ├─┬ object.map@1.0.1
41 silly idealTree │ └── for-own@1.0.0
41 silly idealTree ├── object.omit@2.0.1
41 silly idealTree ├─┬ object.pick@1.3.0
41 silly idealTree │ └── isobject@3.0.1
41 silly idealTree ├── on-finished@2.3.0
41 silly idealTree ├── once@1.4.0
41 silly idealTree ├── onetime@1.1.0
41 silly idealTree ├── openurl@1.1.1
41 silly idealTree ├── opn@4.0.2
41 silly idealTree ├─┬ opt-merger@1.1.1
41 silly idealTree │ └── lodash@3.10.1
41 silly idealTree ├─┬ optimist@0.6.1
41 silly idealTree │ └── minimist@0.0.10
41 silly idealTree ├── optionator@0.6.0
41 silly idealTree ├── options@0.0.6
41 silly idealTree ├── orchestrator@0.3.8
41 silly idealTree ├── ordered-ast-traverse@1.1.1
41 silly idealTree ├── ordered-esprima-props@1.1.0
41 silly idealTree ├── ordered-read-streams@0.1.0
41 silly idealTree ├── os-homedir@1.0.2
41 silly idealTree ├── os-locale@1.4.0
41 silly idealTree ├── os-tmpdir@1.0.2
41 silly idealTree ├── osenv@0.1.5
41 silly idealTree ├── parse-filepath@1.0.2
41 silly idealTree ├── parse-glob@3.0.4
41 silly idealTree ├── parse-json@2.2.0
41 silly idealTree ├── parse-passwd@1.0.0
41 silly idealTree ├── parsejson@0.0.3
41 silly idealTree ├── parseqs@0.0.5
41 silly idealTree ├── parseuri@0.0.5
41 silly idealTree ├── parseurl@1.3.2
41 silly idealTree ├── pascalcase@0.1.1
41 silly idealTree ├── path-dirname@1.0.2
41 silly idealTree ├── path-exists@2.1.0
41 silly idealTree ├── path-is-absolute@1.0.1
41 silly idealTree ├── path-is-inside@1.0.2
41 silly idealTree ├── path-parse@1.0.5
41 silly idealTree ├── path-root-regex@0.1.2
41 silly idealTree ├── path-root@0.1.1
41 silly idealTree ├── path-type@1.1.0
41 silly idealTree ├── pause-stream@0.0.11
41 silly idealTree ├── performance-now@0.2.0
41 silly idealTree ├── pify@2.3.0
41 silly idealTree ├── pinkie-promise@2.0.1
41 silly idealTree ├── pinkie@2.0.4
41 silly idealTree ├─┬ plugin-error@0.1.2
41 silly idealTree │ ├── arr-diff@1.1.0
41 silly idealTree │ ├── arr-union@2.1.0
41 silly idealTree │ ├── array-slice@0.2.3
41 silly idealTree │ ├── extend-shallow@1.1.4
41 silly idealTree │ └── kind-of@1.1.0
41 silly idealTree ├── portscanner@2.1.1
41 silly idealTree ├── posix-character-classes@0.1.1
41 silly idealTree ├── postcss-value-parser@3.3.0
41 silly idealTree ├─┬ postcss@5.2.18
41 silly idealTree │ └── supports-color@3.2.3
41 silly idealTree ├── prelude-ls@1.1.2
41 silly idealTree ├── preserve@0.2.0
41 silly idealTree ├── pretty-bytes@3.0.1
41 silly idealTree ├── pretty-hrtime@1.0.3
41 silly idealTree ├── process-nextick-args@2.0.0
41 silly idealTree ├── propprop@0.3.1
41 silly idealTree ├─┬ protractor@4.0.14
41 silly idealTree │ └── webdriver-manager@10.3.0
41 silly idealTree ├── pseudomap@1.0.2
41 silly idealTree ├── punycode@1.4.1
41 silly idealTree ├── q@1.4.1
41 silly idealTree ├── qs@6.2.1
41 silly idealTree ├─┬ randomatic@1.1.7
41 silly idealTree │ ├─┬ is-number@3.0.0
41 silly idealTree │ │ └── kind-of@3.2.2
41 silly idealTree │ └── kind-of@4.0.0
41 silly idealTree ├── range-parser@1.2.0
41 silly idealTree ├── read-pkg-up@1.0.1
41 silly idealTree ├── read-pkg@1.1.0
41 silly idealTree ├── readable-stream@2.3.5
41 silly idealTree ├── readdirp@2.1.0
41 silly idealTree ├── readline2@1.0.1
41 silly idealTree ├── rechoir@0.6.2
41 silly idealTree ├── redent@1.0.0
41 silly idealTree ├── regex-cache@0.4.4
41 silly idealTree ├── regex-not@1.0.2
41 silly idealTree ├── remove-trailing-separator@1.1.0
41 silly idealTree ├── repeat-element@1.1.2
41 silly idealTree ├── repeat-string@1.6.1
41 silly idealTree ├── repeating@2.0.1
41 silly idealTree ├── replace-ext@0.0.1
41 silly idealTree ├── replacestream@4.0.3
41 silly idealTree ├─┬ request@2.81.0
41 silly idealTree │ └── qs@6.4.0
41 silly idealTree ├── require-directory@2.1.1
41 silly idealTree ├── require-main-filename@1.0.1
41 silly idealTree ├── requires-port@1.0.0
41 silly idealTree ├── resolve-dir@1.0.1
41 silly idealTree ├── resolve-url@0.2.1
41 silly idealTree ├── resolve@1.5.0
41 silly idealTree ├── resp-modifier@6.0.2
41 silly idealTree ├── restore-cursor@1.0.1
41 silly idealTree ├── ret@0.1.15
41 silly idealTree ├── rev-hash@1.0.0
41 silly idealTree ├── rev-path@1.0.0
41 silly idealTree ├── right-align@0.1.3
41 silly idealTree ├── rimraf@2.6.2
41 silly idealTree ├── run-async@0.1.0
41 silly idealTree ├── rx-lite@3.1.2
41 silly idealTree ├── rx@4.1.0
41 silly idealTree ├── safe-buffer@5.1.1
41 silly idealTree ├── safe-regex@1.1.0
41 silly idealTree ├─┬ sass-graph@2.2.4
41 silly idealTree │ ├── camelcase@3.0.0
41 silly idealTree │ ├── yargs-parser@5.0.0
41 silly idealTree │ └── yargs@7.1.0
41 silly idealTree ├── saucelabs@1.3.0
41 silly idealTree ├── sax@0.6.1
41 silly idealTree ├─┬ scss-tokenizer@0.2.3
41 silly idealTree │ └── source-map@0.4.4
41 silly idealTree ├─┬ selenium-webdriver@2.53.3
41 silly idealTree │ └── adm-zip@0.4.4
41 silly idealTree ├── semver@5.5.0
41 silly idealTree ├─┬ send@0.15.2
41 silly idealTree │ ├─┬ debug@2.6.4
41 silly idealTree │ │ └── ms@0.7.3
41 silly idealTree │ ├── fresh@0.5.0
41 silly idealTree │ ├─┬ http-errors@1.6.2
41 silly idealTree │ │ └── depd@1.1.1
41 silly idealTree │ ├── mime@1.3.4
41 silly idealTree │ ├── ms@1.0.0
41 silly idealTree │ └── setprototypeof@1.0.3
41 silly idealTree ├── sequencify@0.0.7
41 silly idealTree ├── serve-index@1.8.0
41 silly idealTree ├── serve-static@1.12.2
41 silly idealTree ├── server-destroy@1.0.1
41 silly idealTree ├── set-blocking@2.0.0
41 silly idealTree ├── set-getter@0.1.0
41 silly idealTree ├── set-immediate-shim@1.0.1
41 silly idealTree ├─┬ set-value@2.0.0
41 silly idealTree │ └── extend-shallow@2.0.1
41 silly idealTree ├── setprototypeof@1.0.2
41 silly idealTree ├── shelljs@0.5.3
41 silly idealTree ├── sigmund@1.0.1
41 silly idealTree ├── signal-exit@3.0.2
41 silly idealTree ├── simple-fmt@0.1.0
41 silly idealTree ├── simple-is@0.2.0
41 silly idealTree ├─┬ snapdragon-node@2.1.1
41 silly idealTree │ ├── define-property@1.0.0
41 silly idealTree │ └── isobject@3.0.1
41 silly idealTree ├── snapdragon-util@3.0.1
41 silly idealTree ├─┬ snapdragon@0.8.1
41 silly idealTree │ ├── define-property@0.2.5
41 silly idealTree │ ├── extend-shallow@2.0.1
41 silly idealTree │ ├─┬ is-accessor-descriptor@0.1.6
41 silly idealTree │ │ └── kind-of@3.2.2
41 silly idealTree │ ├─┬ is-data-descriptor@0.1.4
41 silly idealTree │ │ └── kind-of@3.2.2
41 silly idealTree │ ├── is-descriptor@0.1.6
41 silly idealTree │ └── kind-of@5.1.0
41 silly idealTree ├── sntp@1.0.9
41 silly idealTree ├─┬ socket.io-adapter@0.5.0
41 silly idealTree │ ├── debug@2.3.3
41 silly idealTree │ └── ms@0.7.2
41 silly idealTree ├─┬ socket.io-client@1.6.0
41 silly idealTree │ ├── component-emitter@1.2.1
41 silly idealTree │ ├── debug@2.3.3
41 silly idealTree │ └── ms@0.7.2
41 silly idealTree ├─┬ socket.io-parser@2.3.1
41 silly idealTree │ └── isarray@0.0.1
41 silly idealTree ├─┬ socket.io@1.6.0
41 silly idealTree │ ├── debug@2.3.3
41 silly idealTree │ ├── ms@0.7.2
41 silly idealTree │ └── object-assign@4.1.0
41 silly idealTree ├── sort-keys@1.1.2
41 silly idealTree ├── source-map-resolve@0.5.1
41 silly idealTree ├── source-map-support@0.4.18
41 silly idealTree ├── source-map-url@0.4.0
41 silly idealTree ├── source-map@0.5.7
41 silly idealTree ├── sparkles@1.0.0
41 silly idealTree ├── spdx-correct@3.0.0
41 silly idealTree ├── spdx-exceptions@2.1.0
41 silly idealTree ├── spdx-expression-parse@3.0.0
41 silly idealTree ├── spdx-license-ids@3.0.0
41 silly idealTree ├── split-string@3.1.0
41 silly idealTree ├── split@0.3.3
41 silly idealTree ├── sprintf-js@1.0.3
41 silly idealTree ├─┬ sshpk@1.13.1
41 silly idealTree │ └── assert-plus@1.0.0
41 silly idealTree ├── stable@0.1.6
41 silly idealTree ├─┬ static-extend@0.1.2
41 silly idealTree │ ├── define-property@0.2.5
41 silly idealTree │ ├─┬ is-accessor-descriptor@0.1.6
41 silly idealTree │ │ └── kind-of@3.2.2
41 silly idealTree │ ├─┬ is-data-descriptor@0.1.4
41 silly idealTree │ │ └── kind-of@3.2.2
41 silly idealTree │ ├── is-descriptor@0.1.6
41 silly idealTree │ └── kind-of@5.1.0
41 silly idealTree ├── statuses@1.3.1
41 silly idealTree ├── stream-combiner@0.0.4
41 silly idealTree ├── stream-consume@0.1.1
41 silly idealTree ├── stream-counter@1.0.0
41 silly idealTree ├── stream-shift@1.0.0
41 silly idealTree ├── stream-throttle@0.1.3
41 silly idealTree ├── stream-to-array@2.3.0
41 silly idealTree ├── streamfilter@1.0.7
41 silly idealTree ├── string_decoder@1.0.3
41 silly idealTree ├── string-width@1.0.2
41 silly idealTree ├── stringmap@0.2.2
41 silly idealTree ├── stringset@0.2.1
41 silly idealTree ├── stringstream@0.0.5
41 silly idealTree ├── strip-ansi@3.0.1
41 silly idealTree ├── strip-bom-stream@1.0.0
41 silly idealTree ├── strip-bom@2.0.0
41 silly idealTree ├── strip-indent@1.0.1
41 silly idealTree ├── strip-json-comments@1.0.4
41 silly idealTree ├── supports-color@2.0.0
41 silly idealTree ├── tar@2.2.1
41 silly idealTree ├─┬ ternary-stream@1.2.3
41 silly idealTree │ ├── isarray@0.0.1
41 silly idealTree │ ├── merge-stream@0.1.8
41 silly idealTree │ ├── readable-stream@1.0.34
41 silly idealTree │ ├── string_decoder@0.10.31
41 silly idealTree │ └── through2@0.6.5
41 silly idealTree ├── text-hex@0.0.0
41 silly idealTree ├── text-table@0.2.0
41 silly idealTree ├── textextensions@1.0.2
41 silly idealTree ├── tfunk@3.1.0
41 silly idealTree ├── through@2.3.8
41 silly idealTree ├── through2-filter@2.0.0
41 silly idealTree ├── through2@2.0.3
41 silly idealTree ├── tildify@1.2.0
41 silly idealTree ├── time-stamp@1.1.0
41 silly idealTree ├─┬ timers-ext@0.1.2
41 silly idealTree │ └── next-tick@1.0.0
41 silly idealTree ├── tmp@0.0.24
41 silly idealTree ├─┬ to-absolute-glob@0.1.1
41 silly idealTree │ └── extend-shallow@2.0.1
41 silly idealTree ├── to-array@0.1.4
41 silly idealTree ├── to-object-path@0.3.0
41 silly idealTree ├─┬ to-regex-range@2.1.1
41 silly idealTree │ └── is-number@3.0.0
41 silly idealTree ├── to-regex@3.0.2
41 silly idealTree ├── toposort@0.2.12
41 silly idealTree ├── tough-cookie@2.3.4
41 silly idealTree ├── trim-newlines@1.0.0
41 silly idealTree ├── tryor@0.1.2
41 silly idealTree ├── tunnel-agent@0.6.0
41 silly idealTree ├── tweetnacl@0.14.5
41 silly idealTree ├── type-check@0.3.2
41 silly idealTree ├── typedarray@0.0.6
41 silly idealTree ├── ua-parser-js@0.7.12
41 silly idealTree ├─┬ uglify-js@2.8.29
41 silly idealTree │ ├── cliui@2.1.0
41 silly idealTree │ ├── window-size@0.1.0
41 silly idealTree │ ├── wordwrap@0.0.2
41 silly idealTree │ └── yargs@3.10.0
41 silly idealTree ├── uglify-save-license@0.4.1
41 silly idealTree ├── uglify-to-browserify@1.0.2
41 silly idealTree ├── ultron@1.0.2
41 silly idealTree ├── unc-path-regex@0.1.2
41 silly idealTree ├── underscore@1.7.0
41 silly idealTree ├─┬ union-value@1.0.0
41 silly idealTree │ ├── extend-shallow@2.0.1
41 silly idealTree │ └── set-value@0.4.3
41 silly idealTree ├── unique-stream@1.0.0
41 silly idealTree ├── universalify@0.1.1
41 silly idealTree ├── unpipe@1.0.0
41 silly idealTree ├─┬ unset-value@1.0.0
41 silly idealTree │ ├─┬ has-value@0.3.1
41 silly idealTree │ │ └── isobject@2.1.0
41 silly idealTree │ ├── has-values@0.1.4
41 silly idealTree │ └── isobject@3.0.1
41 silly idealTree ├── untildify@2.1.0
41 silly idealTree ├── urix@0.1.0
41 silly idealTree ├─┬ use@2.0.2
41 silly idealTree │ ├── define-property@0.2.5
41 silly idealTree │ ├─┬ is-accessor-descriptor@0.1.6
41 silly idealTree │ │ └── kind-of@3.2.2
41 silly idealTree │ ├─┬ is-data-descriptor@0.1.4
41 silly idealTree │ │ └── kind-of@3.2.2
41 silly idealTree │ ├── is-descriptor@0.1.6
41 silly idealTree │ ├── isobject@3.0.1
41 silly idealTree │ └── kind-of@5.1.0
41 silly idealTree ├── user-home@1.1.1
41 silly idealTree ├── util-deprecate@1.0.2
41 silly idealTree ├── utils-merge@1.0.0
41 silly idealTree ├── uuid@3.2.1
41 silly idealTree ├── v8flags@2.1.1
41 silly idealTree ├── vali-date@1.0.0
41 silly idealTree ├── validate-npm-package-license@3.0.3
41 silly idealTree ├─┬ verror@1.10.0
41 silly idealTree │ └── assert-plus@1.0.0
41 silly idealTree ├─┬ vinyl-bufferstream@1.0.1
41 silly idealTree │ ├── bufferstreams@1.0.1
41 silly idealTree │ ├── isarray@0.0.1
41 silly idealTree │ ├── readable-stream@1.1.14
41 silly idealTree │ └── string_decoder@0.10.31
41 silly idealTree ├─┬ vinyl-file@1.3.0
41 silly idealTree │ └── vinyl@1.2.0
41 silly idealTree ├─┬ vinyl-fs@0.3.14
41 silly idealTree │ ├── clone@0.2.0
41 silly idealTree │ ├── graceful-fs@3.0.11
41 silly idealTree │ ├── isarray@0.0.1
41 silly idealTree │ ├── minimist@0.0.8
41 silly idealTree │ ├── mkdirp@0.5.1
41 silly idealTree │ ├── readable-stream@1.0.34
41 silly idealTree │ ├── string_decoder@0.10.31
41 silly idealTree │ ├── strip-bom@1.0.0
41 silly idealTree │ ├── through2@0.6.5
41 silly idealTree │ └── vinyl@0.4.6
41 silly idealTree ├── vinyl-sourcemaps-apply@0.2.1
41 silly idealTree ├── vinyl@0.5.3
41 silly idealTree ├── weinre@2.0.0-pre-I0Z7U9OV
41 silly idealTree ├── which-module@1.0.0
41 silly idealTree ├── which@1.3.0
41 silly idealTree ├── wide-align@1.1.2
41 silly idealTree ├── window-size@0.1.4
41 silly idealTree ├── wiredep-cli@0.1.0
41 silly idealTree ├── wiredep@4.0.0
41 silly idealTree ├── wordwrap@0.0.3
41 silly idealTree ├── wrap-ansi@2.1.0
41 silly idealTree ├── wrap-promise@1.0.1
41 silly idealTree ├── wrappy@1.0.2
41 silly idealTree ├── wrench@1.5.9
41 silly idealTree ├─┬ write@0.2.1
41 silly idealTree │ ├── minimist@0.0.8
41 silly idealTree │ └── mkdirp@0.5.1
41 silly idealTree ├── ws@1.1.1
41 silly idealTree ├── wtf-8@1.0.0
41 silly idealTree ├── xml-escape@1.0.0
41 silly idealTree ├── xml2js@0.4.4
41 silly idealTree ├── xmlbuilder@9.0.7
41 silly idealTree ├── xmlhttprequest-ssl@1.5.3
41 silly idealTree ├── xtend@4.0.1
41 silly idealTree ├── y18n@3.2.1
41 silly idealTree ├── yallist@2.1.2
41 silly idealTree ├─┬ yargs-parser@4.2.1
41 silly idealTree │ └── camelcase@3.0.0
41 silly idealTree ├─┬ yargs@6.4.0
41 silly idealTree │ ├── camelcase@3.0.0
41 silly idealTree │ └── window-size@0.2.0
41 silly idealTree ├── yazl@2.4.3
41 silly idealTree └── yeast@0.1.2
42 silly generateActionsToTake Starting
43 silly install generateActionsToTake
44 silly generateActionsToTake Finishing
45 silly diffTrees action count 0
46 silly decomposeActions action count 0
47 silly runTopLevelLifecycles Starting
48 silly install runPreinstallTopLevelLifecycles
49 silly preinstall blur_admin@1.3.1 /home/vuong/Documents/working/projects/2018/drinkbar/blur-admin/blur_admin-7993782a
50 info lifecycle blur_admin@1.3.1~preinstall: blur_admin@1.3.1
51 silly lifecycle blur_admin@1.3.1~preinstall: no script for preinstall, continuing
52 silly executeActions Starting
53 silly install executeActions
54 silly doSerial global-install 0
55 silly doParallel fetch 0
56 verbose correctMkdir /home/vuong/.npm/_locks correctMkdir not in flight; initializing
57 verbose lock using /home/vuong/.npm/_locks/staging-7f1eef145c9d08e4.lock for /home/vuong/Documents/working/projects/2018/drinkbar/blur-admin/node_modules/.staging
58 silly doParallel extract 0
59 silly doParallel preinstall 0
60 silly doReverseSerial remove 0
61 silly doSerial move 0
62 silly doSerial finalize 0
63 silly doSerial build 0
64 silly doSerial global-link 0
65 silly doParallel update-linked 0
66 silly doSerial install 0
67 silly doSerial postinstall 0
68 verbose unlock done using /home/vuong/.npm/_locks/staging-7f1eef145c9d08e4.lock for /home/vuong/Documents/working/projects/2018/drinkbar/blur-admin/node_modules/.staging
69 silly executeActions Finishing
70 silly rollbackFailedOptional Starting
71 silly rollbackFailedOptional Finishing
72 silly install runPostinstallTopLevelLifecycles
73 silly build blur_admin@1.3.1
74 info linkStuff blur_admin@1.3.1
75 silly linkStuff blur_admin@1.3.1 has /home/vuong/Documents/working/projects/2018/drinkbar as its parent node_modules
76 verbose linkBins blur_admin@1.3.1
77 verbose linkMans blur_admin@1.3.1
78 silly install blur_admin@1.3.1 /home/vuong/Documents/working/projects/2018/drinkbar/blur-admin/blur_admin-7993782a
79 info lifecycle blur_admin@1.3.1~install: blur_admin@1.3.1
80 silly lifecycle blur_admin@1.3.1~install: no script for install, continuing
81 silly postinstall blur_admin@1.3.1 /home/vuong/Documents/working/projects/2018/drinkbar/blur-admin/blur_admin-7993782a
82 info lifecycle blur_admin@1.3.1~postinstall: blur_admin@1.3.1
83 verbose lifecycle blur_admin@1.3.1~postinstall: unsafe-perm in lifecycle true
84 verbose lifecycle blur_admin@1.3.1~postinstall: PATH: /home/vuong/.nvm/versions/node/v6.12.2/lib/node_modules/npm/bin/node-gyp-bin:/home/vuong/Documents/working/projects/2018/drinkbar/blur-admin/node_modules/.bin:/home/vuong/.nvm/versions/node/v6.12.2/bin:/home/vuong/bin:/home/vuong/.local/bin:/usr/local/sbin:/usr/local/bin:/usr/sbin:/usr/bin:/sbin:/bin:/usr/games:/usr/local/games:/snap/bin:/usr/lib/jvm/java-8-oracle/bin:/usr/lib/jvm/java-8-oracle/db/bin:/usr/lib/jvm/java-8-oracle/jre/bin
85 verbose lifecycle blur_admin@1.3.1~postinstall: CWD: /home/vuong/Documents/working/projects/2018/drinkbar/blur-admin
86 silly lifecycle blur_admin@1.3.1~postinstall: Args: [ '-c', 'bower install' ]
87 info lifecycle blur_admin@1.3.1~postinstall: Failed to exec postinstall script
88 warn optional SKIPPING OPTIONAL DEPENDENCY: fsevents@^1.0.0 (node_modules/chokidar/node_modules/fsevents):
89 warn notsup SKIPPING OPTIONAL DEPENDENCY: Unsupported platform for fsevents@1.1.3: wanted {"os":"darwin","arch":"any"} (current: {"os":"linux","arch":"x64"})
90 verbose notsup SKIPPING OPTIONAL DEPENDENCY: Valid OS:    darwin
90 verbose notsup SKIPPING OPTIONAL DEPENDENCY: Valid Arch:  any
90 verbose notsup SKIPPING OPTIONAL DEPENDENCY: Actual OS:   linux
90 verbose notsup SKIPPING OPTIONAL DEPENDENCY: Actual Arch: x64
91 warn blur_admin@1.3.1 No repository field.
92 verbose If you need help, you may report this error at:
92 verbose     <https://github.com/npm/npm/issues>
93 warn blur_admin@1.3.1 No license field.
94 verbose If you need help, you may report this error at:
94 verbose     <https://github.com/npm/npm/issues>
95 verbose stack Error: blur_admin@1.3.1 postinstall: `bower install`
95 verbose stack spawn ENOENT
95 verbose stack     at ChildProcess.<anonymous> (/home/vuong/.nvm/versions/node/v6.12.2/lib/node_modules/npm/lib/utils/spawn.js:33:16)
95 verbose stack     at emitTwo (events.js:106:13)
95 verbose stack     at ChildProcess.emit (events.js:191:7)
95 verbose stack     at maybeClose (internal/child_process.js:920:16)
95 verbose stack     at Process.ChildProcess._handle.onexit (internal/child_process.js:230:5)
96 verbose pkgid blur_admin@1.3.1
97 verbose cwd /home/vuong/Documents/working/projects/2018/drinkbar/blur-admin
98 error Linux 4.13.0-36-generic
99 error argv "/home/vuong/.nvm/versions/node/v6.12.2/bin/node" "/home/vuong/.nvm/versions/node/v6.12.2/bin/npm" "install"
100 error node v6.12.2
101 error npm  v3.10.10
102 error file sh
103 error code ELIFECYCLE
104 error errno ENOENT
105 error syscall spawn
106 error blur_admin@1.3.1 postinstall: `bower install`
106 error spawn ENOENT
107 error Failed at the blur_admin@1.3.1 postinstall script 'bower install'.
107 error Make sure you have the latest version of node.js and npm installed.
107 error If you do, this is most likely a problem with the blur_admin package,
107 error not with npm itself.
107 error Tell the author that this fails on your system:
107 error     bower install
107 error You can get information on how to open an issue for this project with:
107 error     npm bugs blur_admin
107 error Or if that isn't available, you can get their info via:
107 error     npm owner ls blur_admin
107 error There is likely additional logging output above.
108 verbose exit [ 1, true ]
